[2026-07-20T15:00:13.337+0000] {local_task_job_runner.py:120} INFO - ::group::Pre task execution logs
[2026-07-20T15:00:13.373+0000] {taskinstance.py:2076} INFO - Dependencies all met for dep_context=non-requeueable deps ti=<TaskInstance: ingest_bronze_layer.bike_ingest scheduled__2026-07-20T14:00:00+00:00 [queued]>
[2026-07-20T15:00:13.397+0000] {taskinstance.py:2076} INFO - Dependencies all met for dep_context=requeueable deps ti=<TaskInstance: ingest_bronze_layer.bike_ingest scheduled__2026-07-20T14:00:00+00:00 [queued]>
[2026-07-20T15:00:13.401+0000] {taskinstance.py:2306} INFO - Starting attempt 1 of 1
[2026-07-20T15:00:13.465+0000] {taskinstance.py:2330} INFO - Executing <Task(PythonOperator): bike_ingest> on 2026-07-20 14:00:00+00:00
[2026-07-20T15:00:13.575+0000] {standard_task_runner.py:90} INFO - Running: ['***', 'tasks', 'run', 'ingest_bronze_layer', 'bike_ingest', 'scheduled__2026-07-20T14:00:00+00:00', '--job-id', '42', '--raw', '--subdir', 'DAGS_FOLDER/bronze_ingestion_dag.py', '--cfg-path', '/tmp/tmp6na80rbk']
[2026-07-20T15:00:13.597+0000] {logging_mixin.py:188} WARNING - /home/***/.local/lib/python3.12/site-packages/***/task/task_runner/standard_task_runner.py:61 DeprecationWarning: This process (pid=2175) is multi-threaded, use of fork() may lead to deadlocks in the child.
[2026-07-20T15:00:13.593+0000] {standard_task_runner.py:91} INFO - Job 42: Subtask bike_ingest
[2026-07-20T15:00:13.603+0000] {standard_task_runner.py:63} INFO - Started process 2177 to run task
[2026-07-20T15:00:13.795+0000] {task_command.py:426} INFO - Running <TaskInstance: ingest_bronze_layer.bike_ingest scheduled__2026-07-20T14:00:00+00:00 [running]> on host 81ff49e0780e
[2026-07-20T15:00:14.085+0000] {taskinstance.py:2648} INFO - Exporting env vars: AIRFLOW_CTX_DAG_OWNER='***' AIRFLOW_CTX_DAG_ID='ingest_bronze_layer' AIRFLOW_CTX_TASK_ID='bike_ingest' AIRFLOW_CTX_EXECUTION_DATE='2026-07-20T14:00:00+00:00' AIRFLOW_CTX_TRY_NUMBER='1' AIRFLOW_CTX_DAG_RUN_ID='scheduled__2026-07-20T14:00:00+00:00'
[2026-07-20T15:00:14.090+0000] {taskinstance.py:430} INFO - ::endgroup::
[2026-07-20T15:00:18.056+0000] {connection.py:274} WARNING - Connection schemes (type: google_cloud_platform) shall not contain '_' according to RFC3986.
[2026-07-20T15:00:18.095+0000] {base.py:84} INFO - Using connection ID 'google_cloud_default' for task execution.
[2026-07-20T15:00:43.770+0000] {gcs.py:574} INFO - Data stream uploaded to bronze/bike/20260720/data_20260720T140000.json in london_bike_data_bronze bucket
[2026-07-20T15:00:43.777+0000] {python.py:237} INFO - Done. Returned value was: None
[2026-07-20T15:00:43.781+0000] {taskinstance.py:441} INFO - ::group::Post task execution logs
[2026-07-20T15:00:43.836+0000] {taskinstance.py:1206} INFO - Marking task as SUCCESS. dag_id=ingest_bronze_layer, task_id=bike_ingest, run_id=scheduled__2026-07-20T14:00:00+00:00, execution_date=20260720T140000, start_date=20260720T150013, end_date=20260720T150043
[2026-07-20T15:00:44.054+0000] {local_task_job_runner.py:240} INFO - Task exited with return code 0
[2026-07-20T15:00:44.120+0000] {taskinstance.py:3503} INFO - 0 downstream tasks scheduled from follow-on schedule check
[2026-07-20T15:00:44.131+0000] {local_task_job_runner.py:222} INFO - ::endgroup::
