[2026-07-22T21:00:18.802+0000] {local_task_job_runner.py:120} INFO - ::group::Pre task execution logs
[2026-07-22T21:00:18.846+0000] {taskinstance.py:2076} INFO - Dependencies all met for dep_context=non-requeueable deps ti=<TaskInstance: ingest_bronze_layer.bike_ingest scheduled__2026-07-22T20:00:00+00:00 [queued]>
[2026-07-22T21:00:18.880+0000] {taskinstance.py:2076} INFO - Dependencies all met for dep_context=requeueable deps ti=<TaskInstance: ingest_bronze_layer.bike_ingest scheduled__2026-07-22T20:00:00+00:00 [queued]>
[2026-07-22T21:00:18.901+0000] {taskinstance.py:2306} INFO - Starting attempt 1 of 1
[2026-07-22T21:00:18.990+0000] {taskinstance.py:2330} INFO - Executing <Task(PythonOperator): bike_ingest> on 2026-07-22 20:00:00+00:00
[2026-07-22T21:00:19.027+0000] {standard_task_runner.py:90} INFO - Running: ['***', 'tasks', 'run', 'ingest_bronze_layer', 'bike_ingest', 'scheduled__2026-07-22T20:00:00+00:00', '--job-id', '51', '--raw', '--subdir', 'DAGS_FOLDER/bronze_ingestion_dag.py', '--cfg-path', '/tmp/tmp3rpivzng']
[2026-07-22T21:00:19.038+0000] {standard_task_runner.py:91} INFO - Job 51: Subtask bike_ingest
[2026-07-22T21:00:19.046+0000] {logging_mixin.py:188} WARNING - /home/***/.local/lib/python3.12/site-packages/***/task/task_runner/standard_task_runner.py:61 DeprecationWarning: This process (pid=2358) is multi-threaded, use of fork() may lead to deadlocks in the child.
[2026-07-22T21:00:19.057+0000] {standard_task_runner.py:63} INFO - Started process 2370 to run task
[2026-07-22T21:00:19.276+0000] {task_command.py:426} INFO - Running <TaskInstance: ingest_bronze_layer.bike_ingest scheduled__2026-07-22T20:00:00+00:00 [running]> on host 286729b226e8
[2026-07-22T21:00:19.929+0000] {taskinstance.py:2648} INFO - Exporting env vars: AIRFLOW_CTX_DAG_OWNER='***' AIRFLOW_CTX_DAG_ID='ingest_bronze_layer' AIRFLOW_CTX_TASK_ID='bike_ingest' AIRFLOW_CTX_EXECUTION_DATE='2026-07-22T20:00:00+00:00' AIRFLOW_CTX_TRY_NUMBER='1' AIRFLOW_CTX_DAG_RUN_ID='scheduled__2026-07-22T20:00:00+00:00'
[2026-07-22T20:59:33.960+0000] {taskinstance.py:430} INFO - ::endgroup::
[2026-07-22T21:00:25.491+0000] {connection.py:274} WARNING - Connection schemes (type: google_cloud_platform) shall not contain '_' according to RFC3986.
[2026-07-22T21:00:25.521+0000] {base.py:84} INFO - Using connection ID 'google_cloud_default' for task execution.
[2026-07-22T21:02:36.559+0000] {gcs.py:574} INFO - Data stream uploaded to bronze/bike/20260722/data_20260722T200000.json in london_bike_data_bronze bucket
[2026-07-22T21:02:36.789+0000] {python.py:237} INFO - Done. Returned value was: None
[2026-07-22T21:02:36.936+0000] {taskinstance.py:441} INFO - ::group::Post task execution logs
[2026-07-22T21:02:37.128+0000] {taskinstance.py:1206} INFO - Marking task as SUCCESS. dag_id=ingest_bronze_layer, task_id=bike_ingest, run_id=scheduled__2026-07-22T20:00:00+00:00, execution_date=20260722T200000, start_date=20260722T210018, end_date=20260722T210237
[2026-07-22T21:02:40.660+0000] {local_task_job_runner.py:240} INFO - Task exited with return code 0
[2026-07-22T21:02:40.940+0000] {taskinstance.py:3503} INFO - 0 downstream tasks scheduled from follow-on schedule check
[2026-07-22T21:02:40.951+0000] {local_task_job_runner.py:222} INFO - ::endgroup::
