[2026-07-20T11:00:02.737+0000] {local_task_job_runner.py:120} INFO - ::group::Pre task execution logs
[2026-07-20T11:00:02.769+0000] {taskinstance.py:2076} INFO - Dependencies all met for dep_context=non-requeueable deps ti=<TaskInstance: ingest_bronze_layer.bike_ingest scheduled__2026-07-20T10:00:00+00:00 [queued]>
[2026-07-20T11:00:02.805+0000] {taskinstance.py:2076} INFO - Dependencies all met for dep_context=requeueable deps ti=<TaskInstance: ingest_bronze_layer.bike_ingest scheduled__2026-07-20T10:00:00+00:00 [queued]>
[2026-07-20T11:00:02.808+0000] {taskinstance.py:2306} INFO - Starting attempt 1 of 1
[2026-07-20T11:00:02.863+0000] {taskinstance.py:2330} INFO - Executing <Task(PythonOperator): bike_ingest> on 2026-07-20 10:00:00+00:00
[2026-07-20T11:00:02.899+0000] {standard_task_runner.py:90} INFO - Running: ['***', 'tasks', 'run', 'ingest_bronze_layer', 'bike_ingest', 'scheduled__2026-07-20T10:00:00+00:00', '--job-id', '36', '--raw', '--subdir', 'DAGS_FOLDER/bronze_ingestion_dag.py', '--cfg-path', '/tmp/tmpc5rhx4xm']
[2026-07-20T11:00:02.917+0000] {standard_task_runner.py:91} INFO - Job 36: Subtask bike_ingest
[2026-07-20T11:00:02.918+0000] {logging_mixin.py:188} WARNING - /home/***/.local/lib/python3.12/site-packages/***/task/task_runner/standard_task_runner.py:61 DeprecationWarning: This process (pid=294) is multi-threaded, use of fork() may lead to deadlocks in the child.
[2026-07-20T11:00:02.932+0000] {standard_task_runner.py:63} INFO - Started process 297 to run task
[2026-07-20T11:00:03.197+0000] {task_command.py:426} INFO - Running <TaskInstance: ingest_bronze_layer.bike_ingest scheduled__2026-07-20T10:00:00+00:00 [running]> on host e248f0dcc712
[2026-07-20T11:00:04.032+0000] {taskinstance.py:2648} INFO - Exporting env vars: AIRFLOW_CTX_DAG_OWNER='***' AIRFLOW_CTX_DAG_ID='ingest_bronze_layer' AIRFLOW_CTX_TASK_ID='bike_ingest' AIRFLOW_CTX_EXECUTION_DATE='2026-07-20T10:00:00+00:00' AIRFLOW_CTX_TRY_NUMBER='1' AIRFLOW_CTX_DAG_RUN_ID='scheduled__2026-07-20T10:00:00+00:00'
[2026-07-20T11:00:04.057+0000] {taskinstance.py:430} INFO - ::endgroup::
[2026-07-20T11:00:06.693+0000] {connection.py:274} WARNING - Connection schemes (type: google_cloud_platform) shall not contain '_' according to RFC3986.
[2026-07-20T11:00:06.703+0000] {base.py:84} INFO - Using connection ID 'google_cloud_default' for task execution.
[2026-07-20T11:01:33.422+0000] {gcs.py:574} INFO - Data stream uploaded to bronze/bike/20260720/data_20260720T100000.json in london_bike_data_bronze bucket
[2026-07-20T11:01:33.452+0000] {python.py:237} INFO - Done. Returned value was: None
[2026-07-20T11:01:33.481+0000] {taskinstance.py:441} INFO - ::group::Post task execution logs
[2026-07-20T11:01:33.549+0000] {taskinstance.py:1206} INFO - Marking task as SUCCESS. dag_id=ingest_bronze_layer, task_id=bike_ingest, run_id=scheduled__2026-07-20T10:00:00+00:00, execution_date=20260720T100000, start_date=20260720T110002, end_date=20260720T110133
[2026-07-20T11:01:33.623+0000] {local_task_job_runner.py:240} INFO - Task exited with return code 0
[2026-07-20T11:01:33.662+0000] {taskinstance.py:3503} INFO - 0 downstream tasks scheduled from follow-on schedule check
[2026-07-20T11:01:33.669+0000] {local_task_job_runner.py:222} INFO - ::endgroup::
