[2026-07-19T12:06:49.210+0000] {local_task_job_runner.py:120} INFO - ::group::Pre task execution logs
[2026-07-19T12:06:49.248+0000] {taskinstance.py:2076} INFO - Dependencies all met for dep_context=non-requeueable deps ti=<TaskInstance: ingest_bronze_layer.bike_ingest manual__2026-07-19T12:06:41.168591+00:00 [queued]>
[2026-07-19T12:06:49.276+0000] {taskinstance.py:2076} INFO - Dependencies all met for dep_context=requeueable deps ti=<TaskInstance: ingest_bronze_layer.bike_ingest manual__2026-07-19T12:06:41.168591+00:00 [queued]>
[2026-07-19T12:06:49.279+0000] {taskinstance.py:2306} INFO - Starting attempt 1 of 1
[2026-07-19T12:06:49.316+0000] {taskinstance.py:2330} INFO - Executing <Task(PythonOperator): bike_ingest> on 2026-07-19 12:06:41.168591+00:00
[2026-07-19T12:06:49.364+0000] {standard_task_runner.py:90} INFO - Running: ['***', 'tasks', 'run', 'ingest_bronze_layer', 'bike_ingest', 'manual__2026-07-19T12:06:41.168591+00:00', '--job-id', '12', '--raw', '--subdir', 'DAGS_FOLDER/bronze_ingestion_dag.py', '--cfg-path', '/tmp/tmpksd2cdnk']
[2026-07-19T12:06:49.385+0000] {standard_task_runner.py:91} INFO - Job 12: Subtask bike_ingest
[2026-07-19T12:06:49.396+0000] {logging_mixin.py:188} WARNING - /home/***/.local/lib/python3.12/site-packages/***/task/task_runner/standard_task_runner.py:61 DeprecationWarning: This process (pid=267) is multi-threaded, use of fork() may lead to deadlocks in the child.
[2026-07-19T12:06:49.401+0000] {standard_task_runner.py:63} INFO - Started process 270 to run task
[2026-07-19T12:06:49.582+0000] {task_command.py:426} INFO - Running <TaskInstance: ingest_bronze_layer.bike_ingest manual__2026-07-19T12:06:41.168591+00:00 [running]> on host 5a60be28ffb3
[2026-07-19T12:06:49.816+0000] {taskinstance.py:2648} INFO - Exporting env vars: AIRFLOW_CTX_DAG_OWNER='***' AIRFLOW_CTX_DAG_ID='ingest_bronze_layer' AIRFLOW_CTX_TASK_ID='bike_ingest' AIRFLOW_CTX_EXECUTION_DATE='2026-07-19T12:06:41.168591+00:00' AIRFLOW_CTX_TRY_NUMBER='1' AIRFLOW_CTX_DAG_RUN_ID='manual__2026-07-19T12:06:41.168591+00:00'
[2026-07-19T12:06:49.822+0000] {taskinstance.py:430} INFO - ::endgroup::
[2026-07-19T12:06:52.665+0000] {connection.py:274} WARNING - Connection schemes (type: google_cloud_platform) shall not contain '_' according to RFC3986.
[2026-07-19T12:06:52.676+0000] {base.py:84} INFO - Using connection ID 'google_cloud_default' for task execution.
[2026-07-19T12:08:10.387+0000] {gcs.py:574} INFO - Data stream uploaded to bronze/bike/20260719/data_20260719T120641.json in london_bike_data_bronze bucket
[2026-07-19T12:08:10.618+0000] {python.py:237} INFO - Done. Returned value was: None
[2026-07-19T12:08:10.839+0000] {taskinstance.py:441} INFO - ::group::Post task execution logs
[2026-07-19T12:08:11.349+0000] {taskinstance.py:1206} INFO - Marking task as SUCCESS. dag_id=ingest_bronze_layer, task_id=bike_ingest, run_id=manual__2026-07-19T12:06:41.168591+00:00, execution_date=20260719T120641, start_date=20260719T120649, end_date=20260719T120811
[2026-07-19T12:08:17.803+0000] {local_task_job_runner.py:240} INFO - Task exited with return code 0
[2026-07-19T12:08:17.936+0000] {taskinstance.py:3503} INFO - 0 downstream tasks scheduled from follow-on schedule check
[2026-07-19T12:08:17.941+0000] {local_task_job_runner.py:222} INFO - ::endgroup::
