[2026-07-19T12:16:47.278+0000] {local_task_job_runner.py:120} INFO - ::group::Pre task execution logs
[2026-07-19T12:16:47.320+0000] {taskinstance.py:2076} INFO - Dependencies all met for dep_context=non-requeueable deps ti=<TaskInstance: ingest_bronze_layer.weather_ingest manual__2026-07-19T12:16:38.734925+00:00 [queued]>
[2026-07-19T12:16:47.341+0000] {taskinstance.py:2076} INFO - Dependencies all met for dep_context=requeueable deps ti=<TaskInstance: ingest_bronze_layer.weather_ingest manual__2026-07-19T12:16:38.734925+00:00 [queued]>
[2026-07-19T12:16:47.344+0000] {taskinstance.py:2306} INFO - Starting attempt 1 of 1
[2026-07-19T12:16:47.390+0000] {taskinstance.py:2330} INFO - Executing <Task(PythonOperator): weather_ingest> on 2026-07-19 12:16:38.734925+00:00
[2026-07-19T12:16:47.434+0000] {standard_task_runner.py:90} INFO - Running: ['***', 'tasks', 'run', 'ingest_bronze_layer', 'weather_ingest', 'manual__2026-07-19T12:16:38.734925+00:00', '--job-id', '18', '--raw', '--subdir', 'DAGS_FOLDER/bronze_ingestion_dag.py', '--cfg-path', '/tmp/tmpm9uvsnbs']
[2026-07-19T12:16:47.451+0000] {logging_mixin.py:188} WARNING - /home/***/.local/lib/python3.12/site-packages/***/task/task_runner/standard_task_runner.py:61 DeprecationWarning: This process (pid=380) is multi-threaded, use of fork() may lead to deadlocks in the child.
[2026-07-19T12:16:47.459+0000] {standard_task_runner.py:91} INFO - Job 18: Subtask weather_ingest
[2026-07-19T12:16:47.461+0000] {standard_task_runner.py:63} INFO - Started process 382 to run task
[2026-07-19T12:16:47.770+0000] {task_command.py:426} INFO - Running <TaskInstance: ingest_bronze_layer.weather_ingest manual__2026-07-19T12:16:38.734925+00:00 [running]> on host 5a60be28ffb3
[2026-07-19T12:16:48.153+0000] {taskinstance.py:2648} INFO - Exporting env vars: AIRFLOW_CTX_DAG_OWNER='***' AIRFLOW_CTX_DAG_ID='ingest_bronze_layer' AIRFLOW_CTX_TASK_ID='weather_ingest' AIRFLOW_CTX_EXECUTION_DATE='2026-07-19T12:16:38.734925+00:00' AIRFLOW_CTX_TRY_NUMBER='1' AIRFLOW_CTX_DAG_RUN_ID='manual__2026-07-19T12:16:38.734925+00:00'
[2026-07-19T12:16:48.168+0000] {taskinstance.py:430} INFO - ::endgroup::
[2026-07-19T12:16:50.695+0000] {connection.py:274} WARNING - Connection schemes (type: google_cloud_platform) shall not contain '_' according to RFC3986.
[2026-07-19T12:16:50.777+0000] {base.py:84} INFO - Using connection ID 'google_cloud_default' for task execution.
[2026-07-19T12:16:58.371+0000] {gcs.py:574} INFO - Data stream uploaded to bronze/weather/20260719/data_20260719T121638.json in london_bike_data_bronze bucket
[2026-07-19T12:16:58.376+0000] {python.py:237} INFO - Done. Returned value was: None
[2026-07-19T12:16:58.381+0000] {taskinstance.py:441} INFO - ::group::Post task execution logs
[2026-07-19T12:16:58.404+0000] {taskinstance.py:1206} INFO - Marking task as SUCCESS. dag_id=ingest_bronze_layer, task_id=weather_ingest, run_id=manual__2026-07-19T12:16:38.734925+00:00, execution_date=20260719T121638, start_date=20260719T121647, end_date=20260719T121658
[2026-07-19T12:16:58.463+0000] {local_task_job_runner.py:240} INFO - Task exited with return code 0
[2026-07-19T12:16:58.492+0000] {taskinstance.py:3503} INFO - 0 downstream tasks scheduled from follow-on schedule check
[2026-07-19T12:16:58.516+0000] {local_task_job_runner.py:222} INFO - ::endgroup::
