[2026-07-19T12:08:51.437+0000] {local_task_job_runner.py:120} INFO - ::group::Pre task execution logs
[2026-07-19T12:08:51.501+0000] {taskinstance.py:2076} INFO - Dependencies all met for dep_context=non-requeueable deps ti=<TaskInstance: ingest_bronze_layer.weather_ingest manual__2026-07-19T12:08:44.494797+00:00 [queued]>
[2026-07-19T12:08:51.552+0000] {taskinstance.py:2076} INFO - Dependencies all met for dep_context=requeueable deps ti=<TaskInstance: ingest_bronze_layer.weather_ingest manual__2026-07-19T12:08:44.494797+00:00 [queued]>
[2026-07-19T12:08:51.557+0000] {taskinstance.py:2306} INFO - Starting attempt 1 of 1
[2026-07-19T12:08:51.614+0000] {taskinstance.py:2330} INFO - Executing <Task(PythonOperator): weather_ingest> on 2026-07-19 12:08:44.494797+00:00
[2026-07-19T12:08:51.667+0000] {standard_task_runner.py:90} INFO - Running: ['***', 'tasks', 'run', 'ingest_bronze_layer', 'weather_ingest', 'manual__2026-07-19T12:08:44.494797+00:00', '--job-id', '14', '--raw', '--subdir', 'DAGS_FOLDER/bronze_ingestion_dag.py', '--cfg-path', '/tmp/tmpyf5rlona']
[2026-07-19T12:08:51.719+0000] {logging_mixin.py:188} WARNING - /home/***/.local/lib/python3.12/site-packages/***/task/task_runner/standard_task_runner.py:61 DeprecationWarning: This process (pid=291) is multi-threaded, use of fork() may lead to deadlocks in the child.
[2026-07-19T12:08:51.725+0000] {standard_task_runner.py:91} INFO - Job 14: Subtask weather_ingest
[2026-07-19T12:08:51.731+0000] {standard_task_runner.py:63} INFO - Started process 293 to run task
[2026-07-19T12:08:53.208+0000] {task_command.py:426} INFO - Running <TaskInstance: ingest_bronze_layer.weather_ingest manual__2026-07-19T12:08:44.494797+00:00 [running]> on host 5a60be28ffb3
[2026-07-19T12:08:54.450+0000] {taskinstance.py:2648} INFO - Exporting env vars: AIRFLOW_CTX_DAG_OWNER='***' AIRFLOW_CTX_DAG_ID='ingest_bronze_layer' AIRFLOW_CTX_TASK_ID='weather_ingest' AIRFLOW_CTX_EXECUTION_DATE='2026-07-19T12:08:44.494797+00:00' AIRFLOW_CTX_TRY_NUMBER='1' AIRFLOW_CTX_DAG_RUN_ID='manual__2026-07-19T12:08:44.494797+00:00'
[2026-07-19T12:08:54.463+0000] {taskinstance.py:430} INFO - ::endgroup::
[2026-07-19T12:08:57.984+0000] {taskinstance.py:441} INFO - ::group::Post task execution logs
[2026-07-19T12:08:57.987+0000] {taskinstance.py:2905} ERROR - Task failed with exception
Traceback (most recent call last):
  File "/home/airflow/.local/lib/python3.12/site-packages/airflow/models/taskinstance.py", line 465, in _execute_task
    result = _execute_callable(context=context, **execute_callable_kwargs)
             ^^^^^^^^^^^^^^^^^^^^^^^^^^^^^^^^^^^^^^^^^^^^^^^^^^^^^^^^^^^^^
  File "/home/airflow/.local/lib/python3.12/site-packages/airflow/models/taskinstance.py", line 432, in _execute_callable
    return execute_callable(context=context, **execute_callable_kwargs)
           ^^^^^^^^^^^^^^^^^^^^^^^^^^^^^^^^^^^^^^^^^^^^^^^^^^^^^^^^^^^^
  File "/home/airflow/.local/lib/python3.12/site-packages/airflow/models/baseoperator.py", line 401, in wrapper
    return func(self, *args, **kwargs)
           ^^^^^^^^^^^^^^^^^^^^^^^^^^^
  File "/home/airflow/.local/lib/python3.12/site-packages/airflow/operators/python.py", line 235, in execute
    return_value = self.execute_callable()
                   ^^^^^^^^^^^^^^^^^^^^^^^
  File "/home/airflow/.local/lib/python3.12/site-packages/airflow/operators/python.py", line 252, in execute_callable
    return self.python_callable(*self.op_args, **self.op_kwargs)
           ^^^^^^^^^^^^^^^^^^^^^^^^^^^^^^^^^^^^^^^^^^^^^^^^^^^^^
  File "/opt/airflow/dags/bronze_ingestion_dag.py", line 32, in fetch_weather_data
    response.raise_for_status()
  File "/home/airflow/.local/lib/python3.12/site-packages/requests/models.py", line 1021, in raise_for_status
    raise HTTPError(http_error_msg, response=self)
requests.exceptions.HTTPError: 401 Client Error: Unauthorized for url: https://api.openweathermap.org/data/2.5/weather?q=London&appid=3d337dfaf94b5d3721fe8799&units=metric
[2026-07-19T12:08:58.073+0000] {taskinstance.py:1206} INFO - Marking task as FAILED. dag_id=ingest_bronze_layer, task_id=weather_ingest, run_id=manual__2026-07-19T12:08:44.494797+00:00, execution_date=20260719T120844, start_date=20260719T120851, end_date=20260719T120858
[2026-07-19T12:08:58.136+0000] {standard_task_runner.py:110} ERROR - Failed to execute job 14 for task weather_ingest (401 Client Error: Unauthorized for url: https://api.openweathermap.org/data/2.5/weather?q=London&appid=3d337dfaf94b5d3721fe8799&units=metric; 293)
[2026-07-19T12:08:58.189+0000] {local_task_job_runner.py:240} INFO - Task exited with return code 1
[2026-07-19T12:08:58.219+0000] {local_task_job_runner.py:222} INFO - ::endgroup::
