[2026-07-20T10:58:00.748+0000] {local_task_job_runner.py:120} INFO - ::group::Pre task execution logs
[2026-07-20T10:58:00.932+0000] {taskinstance.py:2076} INFO - Dependencies all met for dep_context=non-requeueable deps ti=<TaskInstance: process_silver_layer.prepare_gcp_key manual__2026-07-20T10:57:58.131113+00:00 [queued]>
[2026-07-20T10:58:00.959+0000] {taskinstance.py:2076} INFO - Dependencies all met for dep_context=requeueable deps ti=<TaskInstance: process_silver_layer.prepare_gcp_key manual__2026-07-20T10:57:58.131113+00:00 [queued]>
[2026-07-20T10:58:00.961+0000] {taskinstance.py:2306} INFO - Starting attempt 1 of 1
[2026-07-20T10:58:00.993+0000] {taskinstance.py:2330} INFO - Executing <Task(PythonOperator): prepare_gcp_key> on 2026-07-20 10:57:58.131113+00:00
[2026-07-20T10:58:01.018+0000] {standard_task_runner.py:90} INFO - Running: ['***', 'tasks', 'run', 'process_silver_layer', 'prepare_gcp_key', 'manual__2026-07-20T10:57:58.131113+00:00', '--job-id', '33', '--raw', '--subdir', 'DAGS_FOLDER/silver_processing_dag.py', '--cfg-path', '/tmp/tmpm8fsml64']
[2026-07-20T10:58:01.027+0000] {standard_task_runner.py:91} INFO - Job 33: Subtask prepare_gcp_key
[2026-07-20T10:58:01.049+0000] {logging_mixin.py:188} WARNING - /home/***/.local/lib/python3.12/site-packages/***/task/task_runner/standard_task_runner.py:61 DeprecationWarning: This process (pid=254) is multi-threaded, use of fork() may lead to deadlocks in the child.
[2026-07-20T10:58:01.060+0000] {standard_task_runner.py:63} INFO - Started process 255 to run task
[2026-07-20T10:58:01.172+0000] {task_command.py:426} INFO - Running <TaskInstance: process_silver_layer.prepare_gcp_key manual__2026-07-20T10:57:58.131113+00:00 [running]> on host e248f0dcc712
[2026-07-20T10:58:01.506+0000] {taskinstance.py:2648} INFO - Exporting env vars: AIRFLOW_CTX_DAG_OWNER='data_engineer' AIRFLOW_CTX_DAG_ID='process_silver_layer' AIRFLOW_CTX_TASK_ID='prepare_gcp_key' AIRFLOW_CTX_EXECUTION_DATE='2026-07-20T10:57:58.131113+00:00' AIRFLOW_CTX_TRY_NUMBER='1' AIRFLOW_CTX_DAG_RUN_ID='manual__2026-07-20T10:57:58.131113+00:00'
[2026-07-20T10:58:01.523+0000] {taskinstance.py:430} INFO - ::endgroup::
[2026-07-20T10:58:01.637+0000] {logging_mixin.py:188} INFO - Extracting GCP Service Account key from Airflow Connections...
[2026-07-20T10:58:01.684+0000] {connection.py:274} WARNING - Connection schemes (type: google_cloud_platform) shall not contain '_' according to RFC3986.
[2026-07-20T10:58:01.802+0000] {base.py:84} INFO - Using connection ID 'google_cloud_default' for task execution.
[2026-07-20T10:58:01.809+0000] {logging_mixin.py:188} INFO - Credentials saved temporarily to /tmp/gcp_key.json
[2026-07-20T10:58:01.817+0000] {python.py:237} INFO - Done. Returned value was: None
[2026-07-20T10:58:01.820+0000] {taskinstance.py:441} INFO - ::group::Post task execution logs
[2026-07-20T10:58:01.861+0000] {taskinstance.py:1206} INFO - Marking task as SUCCESS. dag_id=process_silver_layer, task_id=prepare_gcp_key, run_id=manual__2026-07-20T10:57:58.131113+00:00, execution_date=20260720T105758, start_date=20260720T105800, end_date=20260720T105801
[2026-07-20T10:58:01.962+0000] {local_task_job_runner.py:240} INFO - Task exited with return code 0
[2026-07-20T10:58:02.042+0000] {taskinstance.py:3503} INFO - 1 downstream tasks scheduled from follow-on schedule check
[2026-07-20T10:58:02.053+0000] {local_task_job_runner.py:222} INFO - ::endgroup::
