[2026-07-20T10:53:33.236+0000] {local_task_job_runner.py:120} INFO - ::group::Pre task execution logs
[2026-07-20T10:53:33.426+0000] {taskinstance.py:2076} INFO - Dependencies all met for dep_context=non-requeueable deps ti=<TaskInstance: ingest_bronze_layer.bike_ingest scheduled__2026-07-20T09:00:00+00:00 [queued]>
[2026-07-20T10:53:33.666+0000] {taskinstance.py:2076} INFO - Dependencies all met for dep_context=requeueable deps ti=<TaskInstance: ingest_bronze_layer.bike_ingest scheduled__2026-07-20T09:00:00+00:00 [queued]>
[2026-07-20T10:53:33.723+0000] {taskinstance.py:2306} INFO - Starting attempt 1 of 1
[2026-07-20T10:53:36.129+0000] {taskinstance.py:2330} INFO - Executing <Task(PythonOperator): bike_ingest> on 2026-07-20 09:00:00+00:00
[2026-07-20T10:53:36.997+0000] {logging_mixin.py:188} WARNING - /home/***/.local/lib/python3.12/site-packages/***/task/task_runner/standard_task_runner.py:61 DeprecationWarning: This process (pid=163) is multi-threaded, use of fork() may lead to deadlocks in the child.
[2026-07-20T10:53:36.966+0000] {standard_task_runner.py:90} INFO - Running: ['***', 'tasks', 'run', 'ingest_bronze_layer', 'bike_ingest', 'scheduled__2026-07-20T09:00:00+00:00', '--job-id', '32', '--raw', '--subdir', 'DAGS_FOLDER/bronze_ingestion_dag.py', '--cfg-path', '/tmp/tmp4xi_9fwq']
[2026-07-20T10:53:37.022+0000] {standard_task_runner.py:63} INFO - Started process 173 to run task
[2026-07-20T10:53:37.049+0000] {standard_task_runner.py:91} INFO - Job 32: Subtask bike_ingest
[2026-07-20T10:53:38.288+0000] {task_command.py:426} INFO - Running <TaskInstance: ingest_bronze_layer.bike_ingest scheduled__2026-07-20T09:00:00+00:00 [running]> on host e248f0dcc712
[2026-07-20T10:53:39.691+0000] {taskinstance.py:2648} INFO - Exporting env vars: AIRFLOW_CTX_DAG_OWNER='***' AIRFLOW_CTX_DAG_ID='ingest_bronze_layer' AIRFLOW_CTX_TASK_ID='bike_ingest' AIRFLOW_CTX_EXECUTION_DATE='2026-07-20T09:00:00+00:00' AIRFLOW_CTX_TRY_NUMBER='1' AIRFLOW_CTX_DAG_RUN_ID='scheduled__2026-07-20T09:00:00+00:00'
[2026-07-20T10:53:39.710+0000] {taskinstance.py:430} INFO - ::endgroup::
[2026-07-20T10:53:43.337+0000] {connection.py:274} WARNING - Connection schemes (type: google_cloud_platform) shall not contain '_' according to RFC3986.
[2026-07-20T10:53:43.394+0000] {base.py:84} INFO - Using connection ID 'google_cloud_default' for task execution.
[2026-07-20T10:55:06.510+0000] {gcs.py:574} INFO - Data stream uploaded to bronze/bike/20260720/data_20260720T090000.json in london_bike_data_bronze bucket
[2026-07-20T10:55:06.623+0000] {python.py:237} INFO - Done. Returned value was: None
[2026-07-20T10:55:06.660+0000] {taskinstance.py:441} INFO - ::group::Post task execution logs
[2026-07-20T10:55:06.839+0000] {taskinstance.py:1206} INFO - Marking task as SUCCESS. dag_id=ingest_bronze_layer, task_id=bike_ingest, run_id=scheduled__2026-07-20T09:00:00+00:00, execution_date=20260720T090000, start_date=20260720T105333, end_date=20260720T105506
[2026-07-20T10:55:06.991+0000] {local_task_job_runner.py:240} INFO - Task exited with return code 0
[2026-07-20T10:55:07.086+0000] {taskinstance.py:3503} INFO - 0 downstream tasks scheduled from follow-on schedule check
[2026-07-20T10:55:07.115+0000] {local_task_job_runner.py:222} INFO - ::endgroup::
