[2026-07-20T10:58:03.544+0000] {local_task_job_runner.py:120} INFO - ::group::Pre task execution logs
[2026-07-20T10:58:03.672+0000] {taskinstance.py:2076} INFO - Dependencies all met for dep_context=non-requeueable deps ti=<TaskInstance: process_silver_layer.run_silver_spark_job manual__2026-07-20T10:57:58.131113+00:00 [queued]>
[2026-07-20T10:58:03.701+0000] {taskinstance.py:2076} INFO - Dependencies all met for dep_context=requeueable deps ti=<TaskInstance: process_silver_layer.run_silver_spark_job manual__2026-07-20T10:57:58.131113+00:00 [queued]>
[2026-07-20T10:58:03.703+0000] {taskinstance.py:2306} INFO - Starting attempt 1 of 1
[2026-07-20T10:58:03.734+0000] {taskinstance.py:2330} INFO - Executing <Task(BashOperator): run_silver_spark_job> on 2026-07-20 10:57:58.131113+00:00
[2026-07-20T10:58:03.752+0000] {standard_task_runner.py:90} INFO - Running: ['***', 'tasks', 'run', 'process_silver_layer', 'run_silver_spark_job', 'manual__2026-07-20T10:57:58.131113+00:00', '--job-id', '34', '--raw', '--subdir', 'DAGS_FOLDER/silver_processing_dag.py', '--cfg-path', '/tmp/tmpy8c6jees']
[2026-07-20T10:58:03.765+0000] {standard_task_runner.py:91} INFO - Job 34: Subtask run_silver_spark_job
[2026-07-20T10:58:03.780+0000] {logging_mixin.py:188} WARNING - /home/***/.local/lib/python3.12/site-packages/***/task/task_runner/standard_task_runner.py:61 DeprecationWarning: This process (pid=256) is multi-threaded, use of fork() may lead to deadlocks in the child.
[2026-07-20T10:58:03.783+0000] {standard_task_runner.py:63} INFO - Started process 257 to run task
[2026-07-20T10:58:03.925+0000] {task_command.py:426} INFO - Running <TaskInstance: process_silver_layer.run_silver_spark_job manual__2026-07-20T10:57:58.131113+00:00 [running]> on host e248f0dcc712
[2026-07-20T10:58:04.095+0000] {taskinstance.py:2648} INFO - Exporting env vars: AIRFLOW_CTX_DAG_OWNER='data_engineer' AIRFLOW_CTX_DAG_ID='process_silver_layer' AIRFLOW_CTX_TASK_ID='run_silver_spark_job' AIRFLOW_CTX_EXECUTION_DATE='2026-07-20T10:57:58.131113+00:00' AIRFLOW_CTX_TRY_NUMBER='1' AIRFLOW_CTX_DAG_RUN_ID='manual__2026-07-20T10:57:58.131113+00:00'
[2026-07-20T10:58:04.099+0000] {taskinstance.py:430} INFO - ::endgroup::
[2026-07-20T10:58:04.173+0000] {subprocess.py:63} INFO - Tmp dir root location: /tmp
[2026-07-20T10:58:04.179+0000] {subprocess.py:75} INFO - Running command: ['/usr/bin/bash', '-c', 'export GOOGLE_APPLICATION_CREDENTIALS=/tmp/gcp_key.json && python /opt/***/jobs/silver_processing.py london_bike_data_bronze']
[2026-07-20T10:58:04.258+0000] {subprocess.py:86} INFO - Output:
[2026-07-20T10:58:04.862+0000] {subprocess.py:93} INFO - python: can't open file '/opt/***/jobs/silver_processing.py': [Errno 2] No such file or directory
[2026-07-20T10:58:04.882+0000] {subprocess.py:97} INFO - Command exited with return code 2
[2026-07-20T10:58:04.908+0000] {taskinstance.py:441} INFO - ::group::Post task execution logs
[2026-07-20T10:58:04.944+0000] {taskinstance.py:2905} ERROR - Task failed with exception
Traceback (most recent call last):
  File "/home/airflow/.local/lib/python3.12/site-packages/airflow/models/taskinstance.py", line 465, in _execute_task
    result = _execute_callable(context=context, **execute_callable_kwargs)
             ^^^^^^^^^^^^^^^^^^^^^^^^^^^^^^^^^^^^^^^^^^^^^^^^^^^^^^^^^^^^^
  File "/home/airflow/.local/lib/python3.12/site-packages/airflow/models/taskinstance.py", line 432, in _execute_callable
    return execute_callable(context=context, **execute_callable_kwargs)
           ^^^^^^^^^^^^^^^^^^^^^^^^^^^^^^^^^^^^^^^^^^^^^^^^^^^^^^^^^^^^
  File "/home/airflow/.local/lib/python3.12/site-packages/airflow/models/baseoperator.py", line 401, in wrapper
    return func(self, *args, **kwargs)
           ^^^^^^^^^^^^^^^^^^^^^^^^^^^
  File "/home/airflow/.local/lib/python3.12/site-packages/airflow/operators/bash.py", line 243, in execute
    raise AirflowException(
airflow.exceptions.AirflowException: Bash command failed. The command returned a non-zero exit code 2.
[2026-07-20T10:58:04.984+0000] {taskinstance.py:1206} INFO - Marking task as FAILED. dag_id=process_silver_layer, task_id=run_silver_spark_job, run_id=manual__2026-07-20T10:57:58.131113+00:00, execution_date=20260720T105758, start_date=20260720T105803, end_date=20260720T105804
[2026-07-20T10:58:05.149+0000] {standard_task_runner.py:110} ERROR - Failed to execute job 34 for task run_silver_spark_job (Bash command failed. The command returned a non-zero exit code 2.; 257)
[2026-07-20T10:58:05.188+0000] {local_task_job_runner.py:240} INFO - Task exited with return code 1
[2026-07-20T10:58:05.303+0000] {taskinstance.py:3503} INFO - 0 downstream tasks scheduled from follow-on schedule check
[2026-07-20T10:58:05.312+0000] {local_task_job_runner.py:222} INFO - ::endgroup::
