[2026-07-11T02:21:36.154+0000] {manager.py:470} INFO - Processing files using up to 2 processes at a time 
[2026-07-11T02:21:36.180+0000] {manager.py:471} INFO - Process each file at most once every 30 seconds
[2026-07-11T02:21:36.195+0000] {manager.py:472} INFO - Checking for new files in /opt/airflow/dags every 300 seconds
[2026-07-11T02:21:36.214+0000] {manager.py:737} INFO - Searching for files in /opt/airflow/dags
[2026-07-11T02:21:36.250+0000] {manager.py:740} INFO - There are 0 files in /opt/airflow/dags
[2026-07-16T19:13:57.129+0000] {manager.py:470} INFO - Processing files using up to 2 processes at a time 
[2026-07-16T19:13:57.141+0000] {manager.py:471} INFO - Process each file at most once every 30 seconds
[2026-07-16T19:13:57.145+0000] {manager.py:472} INFO - Checking for new files in /opt/airflow/dags every 300 seconds
[2026-07-16T19:13:57.150+0000] {manager.py:737} INFO - Searching for files in /opt/airflow/dags
[2026-07-16T19:13:57.170+0000] {manager.py:740} INFO - There are 0 files in /opt/airflow/dags
[2026-07-16T19:18:57.194+0000] {manager.py:737} INFO - Searching for files in /opt/airflow/dags
[2026-07-16T19:18:57.244+0000] {manager.py:740} INFO - There are 0 files in /opt/airflow/dags
[2026-07-16T19:24:00.002+0000] {manager.py:737} INFO - Searching for files in /opt/airflow/dags
[2026-07-16T19:24:00.012+0000] {manager.py:740} INFO - There are 0 files in /opt/airflow/dags
[2026-07-16T19:29:00.557+0000] {manager.py:737} INFO - Searching for files in /opt/airflow/dags
[2026-07-16T19:29:00.707+0000] {manager.py:740} INFO - There are 0 files in /opt/airflow/dags
[2026-07-16T19:34:01.421+0000] {manager.py:737} INFO - Searching for files in /opt/airflow/dags
[2026-07-16T19:34:01.514+0000] {manager.py:740} INFO - There are 0 files in /opt/airflow/dags
[2026-07-16T19:39:01.908+0000] {manager.py:737} INFO - Searching for files in /opt/airflow/dags
[2026-07-16T19:39:01.919+0000] {manager.py:740} INFO - There are 0 files in /opt/airflow/dags
[2026-07-16T19:44:02.062+0000] {manager.py:737} INFO - Searching for files in /opt/airflow/dags
[2026-07-16T19:44:02.092+0000] {manager.py:740} INFO - There are 0 files in /opt/airflow/dags
[2026-07-16T19:49:02.769+0000] {manager.py:737} INFO - Searching for files in /opt/airflow/dags
[2026-07-16T19:49:02.780+0000] {manager.py:740} INFO - There are 0 files in /opt/airflow/dags
[2026-07-16T19:54:02.802+0000] {manager.py:737} INFO - Searching for files in /opt/airflow/dags
[2026-07-16T19:54:02.825+0000] {manager.py:740} INFO - There are 0 files in /opt/airflow/dags
[2026-07-16T19:59:03.553+0000] {manager.py:737} INFO - Searching for files in /opt/airflow/dags
[2026-07-16T19:59:03.611+0000] {manager.py:740} INFO - There are 0 files in /opt/airflow/dags
[2026-07-16T20:04:03.982+0000] {manager.py:737} INFO - Searching for files in /opt/airflow/dags
[2026-07-16T20:04:04.010+0000] {manager.py:740} INFO - There are 0 files in /opt/airflow/dags
[2026-07-16T20:09:04.138+0000] {manager.py:737} INFO - Searching for files in /opt/airflow/dags
[2026-07-16T20:09:04.149+0000] {manager.py:740} INFO - There are 0 files in /opt/airflow/dags
[2026-07-16T20:14:04.801+0000] {manager.py:737} INFO - Searching for files in /opt/airflow/dags
[2026-07-16T20:14:04.829+0000] {manager.py:740} INFO - There are 0 files in /opt/airflow/dags
[2026-07-16T20:19:05.742+0000] {manager.py:737} INFO - Searching for files in /opt/airflow/dags
[2026-07-16T20:19:05.755+0000] {manager.py:740} INFO - There are 0 files in /opt/airflow/dags
[2026-07-16T20:24:05.991+0000] {manager.py:737} INFO - Searching for files in /opt/airflow/dags
[2026-07-16T20:24:06.001+0000] {manager.py:740} INFO - There are 0 files in /opt/airflow/dags
[2026-07-17T16:40:29.323+0000] {manager.py:470} INFO - Processing files using up to 2 processes at a time 
[2026-07-17T16:40:29.339+0000] {manager.py:471} INFO - Process each file at most once every 30 seconds
[2026-07-17T16:40:29.354+0000] {manager.py:472} INFO - Checking for new files in /opt/airflow/dags every 300 seconds
[2026-07-17T16:40:29.364+0000] {manager.py:737} INFO - Searching for files in /opt/airflow/dags
[2026-07-17T16:40:29.385+0000] {manager.py:740} INFO - There are 0 files in /opt/airflow/dags
[2026-07-17T16:45:29.553+0000] {manager.py:737} INFO - Searching for files in /opt/airflow/dags
[2026-07-17T16:45:30.787+0000] {manager.py:740} INFO - There are 0 files in /opt/airflow/dags
[2026-07-17T16:50:29.469+0000] {manager.py:737} INFO - Searching for files in /opt/airflow/dags
[2026-07-17T16:50:29.488+0000] {manager.py:740} INFO - There are 0 files in /opt/airflow/dags
[2026-07-17T16:55:29.609+0000] {manager.py:737} INFO - Searching for files in /opt/airflow/dags
[2026-07-17T16:55:29.618+0000] {manager.py:740} INFO - There are 0 files in /opt/airflow/dags
[2026-07-17T17:00:30.351+0000] {manager.py:737} INFO - Searching for files in /opt/airflow/dags
[2026-07-17T17:00:30.369+0000] {manager.py:740} INFO - There are 0 files in /opt/airflow/dags
[2026-07-19T10:24:37.218+0000] {manager.py:470} INFO - Processing files using up to 2 processes at a time 
[2026-07-19T10:24:37.228+0000] {manager.py:471} INFO - Process each file at most once every 30 seconds
[2026-07-19T10:24:37.233+0000] {manager.py:472} INFO - Checking for new files in /opt/airflow/dags every 300 seconds
[2026-07-19T10:24:37.238+0000] {manager.py:737} INFO - Searching for files in /opt/airflow/dags
[2026-07-19T10:24:37.259+0000] {manager.py:740} INFO - There are 0 files in /opt/airflow/dags
[2026-07-19T10:50:47.602+0000] {manager.py:470} INFO - Processing files using up to 2 processes at a time 
[2026-07-19T10:50:47.664+0000] {manager.py:471} INFO - Process each file at most once every 30 seconds
[2026-07-19T10:50:47.682+0000] {manager.py:472} INFO - Checking for new files in /opt/airflow/dags every 300 seconds
[2026-07-19T10:50:47.691+0000] {manager.py:737} INFO - Searching for files in /opt/airflow/dags
[2026-07-19T10:50:47.739+0000] {manager.py:740} INFO - There are 0 files in /opt/airflow/dags
[2026-07-19T10:55:48.503+0000] {manager.py:737} INFO - Searching for files in /opt/airflow/dags
[2026-07-19T10:55:48.571+0000] {manager.py:740} INFO - There are 0 files in /opt/airflow/dags
[2026-07-19T11:00:49.241+0000] {manager.py:737} INFO - Searching for files in /opt/airflow/dags
[2026-07-19T11:00:49.252+0000] {manager.py:740} INFO - There are 0 files in /opt/airflow/dags
[2026-07-19T11:05:49.846+0000] {manager.py:737} INFO - Searching for files in /opt/airflow/dags
[2026-07-19T11:05:49.932+0000] {manager.py:740} INFO - There are 0 files in /opt/airflow/dags
[2026-07-19T11:10:50.553+0000] {manager.py:737} INFO - Searching for files in /opt/airflow/dags
[2026-07-19T11:10:50.568+0000] {manager.py:740} INFO - There are 0 files in /opt/airflow/dags
[2026-07-19T11:16:06.831+0000] {manager.py:737} INFO - Searching for files in /opt/airflow/dags
[2026-07-19T11:16:06.842+0000] {manager.py:740} INFO - There are 0 files in /opt/airflow/dags
[2026-07-19T11:21:07.252+0000] {manager.py:737} INFO - Searching for files in /opt/airflow/dags
[2026-07-19T11:21:07.262+0000] {manager.py:740} INFO - There are 0 files in /opt/airflow/dags
[2026-07-19T11:26:07.737+0000] {manager.py:737} INFO - Searching for files in /opt/airflow/dags
[2026-07-19T11:26:07.767+0000] {manager.py:740} INFO - There are 0 files in /opt/airflow/dags
[2026-07-19T11:31:08.708+0000] {manager.py:737} INFO - Searching for files in /opt/airflow/dags
[2026-07-19T11:31:08.716+0000] {manager.py:740} INFO - There are 0 files in /opt/airflow/dags
[2026-07-19T11:36:08.969+0000] {manager.py:737} INFO - Searching for files in /opt/airflow/dags
[2026-07-19T11:36:08.978+0000] {manager.py:740} INFO - There are 0 files in /opt/airflow/dags
[2026-07-19T11:41:09.956+0000] {manager.py:737} INFO - Searching for files in /opt/airflow/dags
[2026-07-19T11:41:09.995+0000] {manager.py:740} INFO - There are 0 files in /opt/airflow/dags
[2026-07-19T11:46:10.275+0000] {manager.py:737} INFO - Searching for files in /opt/airflow/dags
[2026-07-19T11:46:10.376+0000] {manager.py:740} INFO - There are 0 files in /opt/airflow/dags
[2026-07-19T11:52:02.900+0000] {manager.py:470} INFO - Processing files using up to 2 processes at a time 
[2026-07-19T11:52:02.919+0000] {manager.py:471} INFO - Process each file at most once every 30 seconds
[2026-07-19T11:52:02.934+0000] {manager.py:472} INFO - Checking for new files in /opt/airflow/dags every 300 seconds
[2026-07-19T11:52:02.947+0000] {manager.py:737} INFO - Searching for files in /opt/airflow/dags
[2026-07-19T11:52:03.011+0000] {manager.py:740} INFO - There are 0 files in /opt/airflow/dags
[2026-07-19T11:57:03.283+0000] {manager.py:737} INFO - Searching for files in /opt/airflow/dags
[2026-07-19T11:57:03.347+0000] {manager.py:740} INFO - There are 1 files in /opt/airflow/dags
[2026-07-19T11:57:13.735+0000] {manager.py:878} INFO - 
================================================================================
DAG File Processing Stats

File Path                                    PID  Runtime      # DAGs    # Errors  Last Runtime    Last Run
-----------------------------------------  -----  ---------  --------  ----------  --------------  ----------
/opt/airflow/dags/bronze_ingestion_dag.py    160  2.10s             0           0
================================================================================
[2026-07-19T11:57:46.638+0000] {manager.py:878} INFO - 
================================================================================
DAG File Processing Stats

File Path                                    PID  Runtime      # DAGs    # Errors  Last Runtime    Last Run
-----------------------------------------  -----  ---------  --------  ----------  --------------  -------------------
/opt/airflow/dags/bronze_ingestion_dag.py    169  0.33s             1           0  2.73s           2026-07-19T11:57:14
================================================================================
[2026-07-19T11:58:17.598+0000] {manager.py:878} INFO - 
================================================================================
DAG File Processing Stats

File Path                                  PID    Runtime      # DAGs    # Errors  Last Runtime    Last Run
-----------------------------------------  -----  ---------  --------  ----------  --------------  -------------------
/opt/airflow/dags/bronze_ingestion_dag.py                           1           0  2.28s           2026-07-19T11:57:48
================================================================================
[2026-07-19T11:58:49.429+0000] {manager.py:878} INFO - 
================================================================================
DAG File Processing Stats

File Path                                    PID  Runtime      # DAGs    # Errors  Last Runtime    Last Run
-----------------------------------------  -----  ---------  --------  ----------  --------------  -------------------
/opt/airflow/dags/bronze_ingestion_dag.py    183  0.01s             1           0  0.46s           2026-07-19T11:58:19
================================================================================
[2026-07-19T11:59:20.721+0000] {manager.py:878} INFO - 
================================================================================
DAG File Processing Stats

File Path                                  PID    Runtime      # DAGs    # Errors  Last Runtime    Last Run
-----------------------------------------  -----  ---------  --------  ----------  --------------  -------------------
/opt/airflow/dags/bronze_ingestion_dag.py                           1           0  0.55s           2026-07-19T11:59:20
================================================================================
[2026-07-19T11:59:52.005+0000] {manager.py:878} INFO - 
================================================================================
DAG File Processing Stats

File Path                                    PID  Runtime      # DAGs    # Errors  Last Runtime    Last Run
-----------------------------------------  -----  ---------  --------  ----------  --------------  -------------------
/opt/airflow/dags/bronze_ingestion_dag.py    193  1.07s             1           0  0.55s           2026-07-19T11:59:20
================================================================================
[2026-07-19T12:00:22.489+0000] {manager.py:878} INFO - 
================================================================================
DAG File Processing Stats

File Path                                    PID  Runtime      # DAGs    # Errors  Last Runtime    Last Run
-----------------------------------------  -----  ---------  --------  ----------  --------------  -------------------
/opt/airflow/dags/bronze_ingestion_dag.py    202  0.02s             1           0  1.12s           2026-07-19T11:59:52
================================================================================
[2026-07-19T12:00:54.275+0000] {manager.py:878} INFO - 
================================================================================
DAG File Processing Stats

File Path                                  PID    Runtime      # DAGs    # Errors  Last Runtime    Last Run
-----------------------------------------  -----  ---------  --------  ----------  --------------  -------------------
/opt/airflow/dags/bronze_ingestion_dag.py                           1           0  0.28s           2026-07-19T12:00:53
================================================================================
[2026-07-19T12:01:25.467+0000] {manager.py:878} INFO - 
================================================================================
DAG File Processing Stats

File Path                                  PID    Runtime      # DAGs    # Errors  Last Runtime    Last Run
-----------------------------------------  -----  ---------  --------  ----------  --------------  -------------------
/opt/airflow/dags/bronze_ingestion_dag.py                           1           0  0.33s           2026-07-19T12:01:23
================================================================================
[2026-07-19T12:01:56.862+0000] {manager.py:878} INFO - 
================================================================================
DAG File Processing Stats

File Path                                  PID    Runtime      # DAGs    # Errors  Last Runtime    Last Run
-----------------------------------------  -----  ---------  --------  ----------  --------------  -------------------
/opt/airflow/dags/bronze_ingestion_dag.py                           1           0  0.30s           2026-07-19T12:01:54
================================================================================
[2026-07-19T12:02:03.462+0000] {manager.py:737} INFO - Searching for files in /opt/airflow/dags
[2026-07-19T12:02:03.523+0000] {manager.py:740} INFO - There are 1 files in /opt/airflow/dags
[2026-07-19T12:02:28.093+0000] {manager.py:878} INFO - 
================================================================================
DAG File Processing Stats

File Path                                  PID    Runtime      # DAGs    # Errors  Last Runtime    Last Run
-----------------------------------------  -----  ---------  --------  ----------  --------------  -------------------
/opt/airflow/dags/bronze_ingestion_dag.py                           1           0  0.52s           2026-07-19T12:02:25
================================================================================
[2026-07-19T12:02:59.721+0000] {manager.py:878} INFO - 
================================================================================
DAG File Processing Stats

File Path                                  PID    Runtime      # DAGs    # Errors  Last Runtime    Last Run
-----------------------------------------  -----  ---------  --------  ----------  --------------  -------------------
/opt/airflow/dags/bronze_ingestion_dag.py                           1           0  0.56s           2026-07-19T12:02:56
================================================================================
[2026-07-19T12:03:30.668+0000] {manager.py:878} INFO - 
================================================================================
DAG File Processing Stats

File Path                                  PID    Runtime      # DAGs    # Errors  Last Runtime    Last Run
-----------------------------------------  -----  ---------  --------  ----------  --------------  -------------------
/opt/airflow/dags/bronze_ingestion_dag.py                           1           0  0.36s           2026-07-19T12:03:26
================================================================================
[2026-07-19T12:04:01.735+0000] {manager.py:878} INFO - 
================================================================================
DAG File Processing Stats

File Path                                  PID    Runtime      # DAGs    # Errors  Last Runtime    Last Run
-----------------------------------------  -----  ---------  --------  ----------  --------------  -------------------
/opt/airflow/dags/bronze_ingestion_dag.py                           1           0  0.30s           2026-07-19T12:03:56
================================================================================
[2026-07-19T12:04:32.839+0000] {manager.py:878} INFO - 
================================================================================
DAG File Processing Stats

File Path                                  PID    Runtime      # DAGs    # Errors  Last Runtime    Last Run
-----------------------------------------  -----  ---------  --------  ----------  --------------  -------------------
/opt/airflow/dags/bronze_ingestion_dag.py                           1           0  0.30s           2026-07-19T12:04:27
================================================================================
[2026-07-19T12:05:04.242+0000] {manager.py:878} INFO - 
================================================================================
DAG File Processing Stats

File Path                                  PID    Runtime      # DAGs    # Errors  Last Runtime    Last Run
-----------------------------------------  -----  ---------  --------  ----------  --------------  -------------------
/opt/airflow/dags/bronze_ingestion_dag.py                           1           0  0.30s           2026-07-19T12:04:58
================================================================================
[2026-07-19T12:05:35.531+0000] {manager.py:878} INFO - 
================================================================================
DAG File Processing Stats

File Path                                  PID    Runtime      # DAGs    # Errors  Last Runtime    Last Run
-----------------------------------------  -----  ---------  --------  ----------  --------------  -------------------
/opt/airflow/dags/bronze_ingestion_dag.py                           1           0  0.56s           2026-07-19T12:05:29
================================================================================
[2026-07-19T12:06:06.272+0000] {manager.py:878} INFO - 
================================================================================
DAG File Processing Stats

File Path                                  PID    Runtime      # DAGs    # Errors  Last Runtime    Last Run
-----------------------------------------  -----  ---------  --------  ----------  --------------  -------------------
/opt/airflow/dags/bronze_ingestion_dag.py                           1           0  0.29s           2026-07-19T12:05:59
================================================================================
[2026-07-19T12:06:37.351+0000] {manager.py:878} INFO - 
================================================================================
DAG File Processing Stats

File Path                                  PID    Runtime      # DAGs    # Errors  Last Runtime    Last Run
-----------------------------------------  -----  ---------  --------  ----------  --------------  -------------------
/opt/airflow/dags/bronze_ingestion_dag.py                           1           0  0.44s           2026-07-19T12:06:30
================================================================================
[2026-07-19T12:07:03.971+0000] {manager.py:737} INFO - Searching for files in /opt/airflow/dags
[2026-07-19T12:07:04.003+0000] {manager.py:740} INFO - There are 1 files in /opt/airflow/dags
[2026-07-19T12:07:08.926+0000] {manager.py:878} INFO - 
================================================================================
DAG File Processing Stats

File Path                                  PID    Runtime      # DAGs    # Errors  Last Runtime    Last Run
-----------------------------------------  -----  ---------  --------  ----------  --------------  -------------------
/opt/airflow/dags/bronze_ingestion_dag.py                           1           0  1.45s           2026-07-19T12:07:02
================================================================================
[2026-07-19T12:07:39.914+0000] {manager.py:878} INFO - 
================================================================================
DAG File Processing Stats

File Path                                  PID    Runtime      # DAGs    # Errors  Last Runtime    Last Run
-----------------------------------------  -----  ---------  --------  ----------  --------------  -------------------
/opt/airflow/dags/bronze_ingestion_dag.py                           1           0  1.50s           2026-07-19T12:07:34
================================================================================
[2026-07-19T12:08:11.007+0000] {manager.py:878} INFO - 
================================================================================
DAG File Processing Stats

File Path                                  PID    Runtime      # DAGs    # Errors  Last Runtime    Last Run
-----------------------------------------  -----  ---------  --------  ----------  --------------  -------------------
/opt/airflow/dags/bronze_ingestion_dag.py                           1           0  1.02s           2026-07-19T12:08:05
================================================================================
[2026-07-19T12:08:42.738+0000] {manager.py:878} INFO - 
================================================================================
DAG File Processing Stats

File Path                                  PID    Runtime      # DAGs    # Errors  Last Runtime    Last Run
-----------------------------------------  -----  ---------  --------  ----------  --------------  -------------------
/opt/airflow/dags/bronze_ingestion_dag.py                           1           0  1.28s           2026-07-19T12:08:36
================================================================================
[2026-07-19T12:09:13.834+0000] {manager.py:878} INFO - 
================================================================================
DAG File Processing Stats

File Path                                  PID    Runtime      # DAGs    # Errors  Last Runtime    Last Run
-----------------------------------------  -----  ---------  --------  ----------  --------------  -------------------
/opt/airflow/dags/bronze_ingestion_dag.py                           1           0  0.43s           2026-07-19T12:09:08
================================================================================
[2026-07-19T12:09:44.686+0000] {manager.py:878} INFO - 
================================================================================
DAG File Processing Stats

File Path                                  PID    Runtime      # DAGs    # Errors  Last Runtime    Last Run
-----------------------------------------  -----  ---------  --------  ----------  --------------  -------------------
/opt/airflow/dags/bronze_ingestion_dag.py                           1           0  0.67s           2026-07-19T12:09:39
================================================================================
[2026-07-19T12:10:16.167+0000] {manager.py:878} INFO - 
================================================================================
DAG File Processing Stats

File Path                                  PID    Runtime      # DAGs    # Errors  Last Runtime    Last Run
-----------------------------------------  -----  ---------  --------  ----------  --------------  -------------------
/opt/airflow/dags/bronze_ingestion_dag.py                           1           0  0.72s           2026-07-19T12:10:13
================================================================================
[2026-07-19T12:10:47.545+0000] {manager.py:878} INFO - 
================================================================================
DAG File Processing Stats

File Path                                  PID    Runtime      # DAGs    # Errors  Last Runtime    Last Run
-----------------------------------------  -----  ---------  --------  ----------  --------------  -------------------
/opt/airflow/dags/bronze_ingestion_dag.py                           1           0  0.72s           2026-07-19T12:10:44
================================================================================
[2026-07-19T12:11:18.634+0000] {manager.py:878} INFO - 
================================================================================
DAG File Processing Stats

File Path                                  PID    Runtime      # DAGs    # Errors  Last Runtime    Last Run
-----------------------------------------  -----  ---------  --------  ----------  --------------  -------------------
/opt/airflow/dags/bronze_ingestion_dag.py                           1           0  0.30s           2026-07-19T12:11:14
================================================================================
[2026-07-19T12:11:49.858+0000] {manager.py:878} INFO - 
================================================================================
DAG File Processing Stats

File Path                                  PID    Runtime      # DAGs    # Errors  Last Runtime    Last Run
-----------------------------------------  -----  ---------  --------  ----------  --------------  -------------------
/opt/airflow/dags/bronze_ingestion_dag.py                           1           0  0.34s           2026-07-19T12:11:45
================================================================================
[2026-07-19T12:12:04.164+0000] {manager.py:737} INFO - Searching for files in /opt/airflow/dags
[2026-07-19T12:12:04.274+0000] {manager.py:740} INFO - There are 1 files in /opt/airflow/dags
[2026-07-19T12:12:21.606+0000] {manager.py:878} INFO - 
================================================================================
DAG File Processing Stats

File Path                                  PID    Runtime      # DAGs    # Errors  Last Runtime    Last Run
-----------------------------------------  -----  ---------  --------  ----------  --------------  -------------------
/opt/airflow/dags/bronze_ingestion_dag.py                           1           0  0.43s           2026-07-19T12:12:16
================================================================================
[2026-07-19T12:12:52.974+0000] {manager.py:878} INFO - 
================================================================================
DAG File Processing Stats

File Path                                  PID    Runtime      # DAGs    # Errors  Last Runtime    Last Run
-----------------------------------------  -----  ---------  --------  ----------  --------------  -------------------
/opt/airflow/dags/bronze_ingestion_dag.py                           1           0  0.29s           2026-07-19T12:12:47
================================================================================
[2026-07-19T12:13:24.246+0000] {manager.py:878} INFO - 
================================================================================
DAG File Processing Stats

File Path                                  PID    Runtime      # DAGs    # Errors  Last Runtime    Last Run
-----------------------------------------  -----  ---------  --------  ----------  --------------  -------------------
/opt/airflow/dags/bronze_ingestion_dag.py                           1           0  0.56s           2026-07-19T12:13:18
================================================================================
[2026-07-19T12:13:55.606+0000] {manager.py:878} INFO - 
================================================================================
DAG File Processing Stats

File Path                                  PID    Runtime      # DAGs    # Errors  Last Runtime    Last Run
-----------------------------------------  -----  ---------  --------  ----------  --------------  -------------------
/opt/airflow/dags/bronze_ingestion_dag.py                           1           0  0.33s           2026-07-19T12:13:49
================================================================================
[2026-07-19T12:14:26.978+0000] {manager.py:878} INFO - 
================================================================================
DAG File Processing Stats

File Path                                  PID    Runtime      # DAGs    # Errors  Last Runtime    Last Run
-----------------------------------------  -----  ---------  --------  ----------  --------------  -------------------
/opt/airflow/dags/bronze_ingestion_dag.py                           1           0  0.96s           2026-07-19T12:14:20
================================================================================
[2026-07-19T12:14:58.250+0000] {manager.py:878} INFO - 
================================================================================
DAG File Processing Stats

File Path                                  PID    Runtime      # DAGs    # Errors  Last Runtime    Last Run
-----------------------------------------  -----  ---------  --------  ----------  --------------  -------------------
/opt/airflow/dags/bronze_ingestion_dag.py                           1           0  0.76s           2026-07-19T12:14:52
================================================================================
[2026-07-19T12:15:29.208+0000] {manager.py:878} INFO - 
================================================================================
DAG File Processing Stats

File Path                                  PID    Runtime      # DAGs    # Errors  Last Runtime    Last Run
-----------------------------------------  -----  ---------  --------  ----------  --------------  -------------------
/opt/airflow/dags/bronze_ingestion_dag.py                           1           0  0.34s           2026-07-19T12:15:23
================================================================================
[2026-07-19T12:16:00.590+0000] {manager.py:878} INFO - 
================================================================================
DAG File Processing Stats

File Path                                  PID    Runtime      # DAGs    # Errors  Last Runtime    Last Run
-----------------------------------------  -----  ---------  --------  ----------  --------------  -------------------
/opt/airflow/dags/bronze_ingestion_dag.py                           1           0  0.41s           2026-07-19T12:15:53
================================================================================
[2026-07-19T12:16:32.141+0000] {manager.py:878} INFO - 
================================================================================
DAG File Processing Stats

File Path                                  PID    Runtime      # DAGs    # Errors  Last Runtime    Last Run
-----------------------------------------  -----  ---------  --------  ----------  --------------  -------------------
/opt/airflow/dags/bronze_ingestion_dag.py                           1           0  0.46s           2026-07-19T12:16:24
================================================================================
[2026-07-19T12:17:03.401+0000] {manager.py:878} INFO - 
================================================================================
DAG File Processing Stats

File Path                                  PID    Runtime      # DAGs    # Errors  Last Runtime    Last Run
-----------------------------------------  -----  ---------  --------  ----------  --------------  -------------------
/opt/airflow/dags/bronze_ingestion_dag.py                           1           0  0.72s           2026-07-19T12:16:55
================================================================================
[2026-07-19T12:17:04.428+0000] {manager.py:737} INFO - Searching for files in /opt/airflow/dags
[2026-07-19T12:17:04.476+0000] {manager.py:740} INFO - There are 1 files in /opt/airflow/dags
[2026-07-19T12:17:35.108+0000] {manager.py:878} INFO - 
================================================================================
DAG File Processing Stats

File Path                                  PID    Runtime      # DAGs    # Errors  Last Runtime    Last Run
-----------------------------------------  -----  ---------  --------  ----------  --------------  -------------------
/opt/airflow/dags/bronze_ingestion_dag.py                           1           0  0.49s           2026-07-19T12:17:26
================================================================================
[2026-07-19T12:18:06.453+0000] {manager.py:878} INFO - 
================================================================================
DAG File Processing Stats

File Path                                  PID    Runtime      # DAGs    # Errors  Last Runtime    Last Run
-----------------------------------------  -----  ---------  --------  ----------  --------------  -------------------
/opt/airflow/dags/bronze_ingestion_dag.py                           1           0  0.66s           2026-07-19T12:17:57
================================================================================
[2026-07-19T12:18:37.582+0000] {manager.py:878} INFO - 
================================================================================
DAG File Processing Stats

File Path                                  PID    Runtime      # DAGs    # Errors  Last Runtime    Last Run
-----------------------------------------  -----  ---------  --------  ----------  --------------  -------------------
/opt/airflow/dags/bronze_ingestion_dag.py                           1           0  0.50s           2026-07-19T12:18:28
================================================================================
[2026-07-19T12:19:09.225+0000] {manager.py:878} INFO - 
================================================================================
DAG File Processing Stats

File Path                                  PID    Runtime      # DAGs    # Errors  Last Runtime    Last Run
-----------------------------------------  -----  ---------  --------  ----------  --------------  -------------------
/opt/airflow/dags/bronze_ingestion_dag.py                           1           0  0.43s           2026-07-19T12:18:59
================================================================================
[2026-07-19T12:19:40.301+0000] {manager.py:878} INFO - 
================================================================================
DAG File Processing Stats

File Path                                  PID    Runtime      # DAGs    # Errors  Last Runtime    Last Run
-----------------------------------------  -----  ---------  --------  ----------  --------------  -------------------
/opt/airflow/dags/bronze_ingestion_dag.py                           1           0  0.40s           2026-07-19T12:19:29
================================================================================
[2026-07-19T12:20:10.904+0000] {manager.py:878} INFO - 
================================================================================
DAG File Processing Stats

File Path                                  PID    Runtime      # DAGs    # Errors  Last Runtime    Last Run
-----------------------------------------  -----  ---------  --------  ----------  --------------  -------------------
/opt/airflow/dags/bronze_ingestion_dag.py                           1           0  0.72s           2026-07-19T12:20:00
================================================================================
[2026-07-19T12:20:41.995+0000] {manager.py:878} INFO - 
================================================================================
DAG File Processing Stats

File Path                                  PID    Runtime      # DAGs    # Errors  Last Runtime    Last Run
-----------------------------------------  -----  ---------  --------  ----------  --------------  -------------------
/opt/airflow/dags/bronze_ingestion_dag.py                           1           0  0.55s           2026-07-19T12:20:31
================================================================================
[2026-07-19T12:21:13.564+0000] {manager.py:878} INFO - 
================================================================================
DAG File Processing Stats

File Path                                  PID    Runtime      # DAGs    # Errors  Last Runtime    Last Run
-----------------------------------------  -----  ---------  --------  ----------  --------------  -------------------
/opt/airflow/dags/bronze_ingestion_dag.py                           1           0  2.58s           2026-07-19T12:21:04
================================================================================
[2026-07-19T12:21:44.958+0000] {manager.py:878} INFO - 
================================================================================
DAG File Processing Stats

File Path                                  PID    Runtime      # DAGs    # Errors  Last Runtime    Last Run
-----------------------------------------  -----  ---------  --------  ----------  --------------  -------------------
/opt/airflow/dags/bronze_ingestion_dag.py                           1           0  0.31s           2026-07-19T12:21:35
================================================================================
[2026-07-19T12:22:04.566+0000] {manager.py:737} INFO - Searching for files in /opt/airflow/dags
[2026-07-19T12:22:04.977+0000] {manager.py:740} INFO - There are 1 files in /opt/airflow/dags
[2026-07-19T12:22:15.493+0000] {manager.py:878} INFO - 
================================================================================
DAG File Processing Stats

File Path                                  PID    Runtime      # DAGs    # Errors  Last Runtime    Last Run
-----------------------------------------  -----  ---------  --------  ----------  --------------  -------------------
/opt/airflow/dags/bronze_ingestion_dag.py                           1           0  0.86s           2026-07-19T12:22:07
================================================================================
[2026-07-19T12:22:46.503+0000] {manager.py:878} INFO - 
================================================================================
DAG File Processing Stats

File Path                                  PID    Runtime      # DAGs    # Errors  Last Runtime    Last Run
-----------------------------------------  -----  ---------  --------  ----------  --------------  -------------------
/opt/airflow/dags/bronze_ingestion_dag.py                           1           0  1.15s           2026-07-19T12:22:39
================================================================================
[2026-07-19T12:23:18.080+0000] {manager.py:878} INFO - 
================================================================================
DAG File Processing Stats

File Path                                  PID    Runtime      # DAGs    # Errors  Last Runtime    Last Run
-----------------------------------------  -----  ---------  --------  ----------  --------------  -------------------
/opt/airflow/dags/bronze_ingestion_dag.py                           1           0  0.51s           2026-07-19T12:23:10
================================================================================
[2026-07-19T12:23:49.162+0000] {manager.py:878} INFO - 
================================================================================
DAG File Processing Stats

File Path                                  PID    Runtime      # DAGs    # Errors  Last Runtime    Last Run
-----------------------------------------  -----  ---------  --------  ----------  --------------  -------------------
/opt/airflow/dags/bronze_ingestion_dag.py                           1           0  0.80s           2026-07-19T12:23:41
================================================================================
[2026-07-19T12:24:21.021+0000] {manager.py:878} INFO - 
================================================================================
DAG File Processing Stats

File Path                                  PID    Runtime      # DAGs    # Errors  Last Runtime    Last Run
-----------------------------------------  -----  ---------  --------  ----------  --------------  -------------------
/opt/airflow/dags/bronze_ingestion_dag.py                           1           0  1.22s           2026-07-19T12:24:13
================================================================================
[2026-07-19T12:24:52.053+0000] {manager.py:878} INFO - 
================================================================================
DAG File Processing Stats

File Path                                  PID    Runtime      # DAGs    # Errors  Last Runtime    Last Run
-----------------------------------------  -----  ---------  --------  ----------  --------------  -------------------
/opt/airflow/dags/bronze_ingestion_dag.py                           1           0  0.68s           2026-07-19T12:24:43
================================================================================
[2026-07-19T12:25:23.046+0000] {manager.py:878} INFO - 
================================================================================
DAG File Processing Stats

File Path                                  PID    Runtime      # DAGs    # Errors  Last Runtime    Last Run
-----------------------------------------  -----  ---------  --------  ----------  --------------  -------------------
/opt/airflow/dags/bronze_ingestion_dag.py                           1           0  0.52s           2026-07-19T12:25:15
================================================================================
[2026-07-19T12:25:53.665+0000] {manager.py:878} INFO - 
================================================================================
DAG File Processing Stats

File Path                                  PID    Runtime      # DAGs    # Errors  Last Runtime    Last Run
-----------------------------------------  -----  ---------  --------  ----------  --------------  -------------------
/opt/airflow/dags/bronze_ingestion_dag.py                           1           0  0.67s           2026-07-19T12:25:46
================================================================================
[2026-07-19T12:26:25.127+0000] {manager.py:878} INFO - 
================================================================================
DAG File Processing Stats

File Path                                  PID    Runtime      # DAGs    # Errors  Last Runtime    Last Run
-----------------------------------------  -----  ---------  --------  ----------  --------------  -------------------
/opt/airflow/dags/bronze_ingestion_dag.py                           1           0  0.51s           2026-07-19T12:26:17
================================================================================
[2026-07-19T12:26:56.128+0000] {manager.py:878} INFO - 
================================================================================
DAG File Processing Stats

File Path                                  PID    Runtime      # DAGs    # Errors  Last Runtime    Last Run
-----------------------------------------  -----  ---------  --------  ----------  --------------  -------------------
/opt/airflow/dags/bronze_ingestion_dag.py                           1           0  0.63s           2026-07-19T12:26:54
================================================================================
[2026-07-19T12:27:05.071+0000] {manager.py:737} INFO - Searching for files in /opt/airflow/dags
[2026-07-19T12:27:05.121+0000] {manager.py:740} INFO - There are 1 files in /opt/airflow/dags
[2026-07-19T12:27:26.748+0000] {manager.py:878} INFO - 
================================================================================
DAG File Processing Stats

File Path                                  PID    Runtime      # DAGs    # Errors  Last Runtime    Last Run
-----------------------------------------  -----  ---------  --------  ----------  --------------  -------------------
/opt/airflow/dags/bronze_ingestion_dag.py                           1           0  0.30s           2026-07-19T12:27:24
================================================================================
[2026-07-19T12:27:57.333+0000] {manager.py:878} INFO - 
================================================================================
DAG File Processing Stats

File Path                                  PID    Runtime      # DAGs    # Errors  Last Runtime    Last Run
-----------------------------------------  -----  ---------  --------  ----------  --------------  -------------------
/opt/airflow/dags/bronze_ingestion_dag.py                           1           0  0.30s           2026-07-19T12:27:55
================================================================================
[2026-07-19T12:28:29.119+0000] {manager.py:878} INFO - 
================================================================================
DAG File Processing Stats

File Path                                  PID    Runtime      # DAGs    # Errors  Last Runtime    Last Run
-----------------------------------------  -----  ---------  --------  ----------  --------------  -------------------
/opt/airflow/dags/bronze_ingestion_dag.py                           1           0  0.33s           2026-07-19T12:28:26
================================================================================
[2026-07-19T12:29:00.523+0000] {manager.py:878} INFO - 
================================================================================
DAG File Processing Stats

File Path                                  PID    Runtime      # DAGs    # Errors  Last Runtime    Last Run
-----------------------------------------  -----  ---------  --------  ----------  --------------  -------------------
/opt/airflow/dags/bronze_ingestion_dag.py                           1           0  0.43s           2026-07-19T12:28:56
================================================================================
[2026-07-19T12:29:30.588+0000] {manager.py:878} INFO - 
================================================================================
DAG File Processing Stats

File Path                                  PID    Runtime      # DAGs    # Errors  Last Runtime    Last Run
-----------------------------------------  -----  ---------  --------  ----------  --------------  -------------------
/opt/airflow/dags/bronze_ingestion_dag.py                           1           0  0.56s           2026-07-19T12:29:27
================================================================================
[2026-07-19T12:30:01.316+0000] {manager.py:878} INFO - 
================================================================================
DAG File Processing Stats

File Path                                  PID    Runtime      # DAGs    # Errors  Last Runtime    Last Run
-----------------------------------------  -----  ---------  --------  ----------  --------------  -------------------
/opt/airflow/dags/bronze_ingestion_dag.py                           1           0  0.68s           2026-07-19T12:29:59
================================================================================
[2026-07-19T12:30:33.209+0000] {manager.py:878} INFO - 
================================================================================
DAG File Processing Stats

File Path                                  PID    Runtime      # DAGs    # Errors  Last Runtime    Last Run
-----------------------------------------  -----  ---------  --------  ----------  --------------  -------------------
/opt/airflow/dags/bronze_ingestion_dag.py                           1           0  0.47s           2026-07-19T12:30:30
================================================================================
[2026-07-19T12:31:04.317+0000] {manager.py:878} INFO - 
================================================================================
DAG File Processing Stats

File Path                                  PID    Runtime      # DAGs    # Errors  Last Runtime    Last Run
-----------------------------------------  -----  ---------  --------  ----------  --------------  -------------------
/opt/airflow/dags/bronze_ingestion_dag.py                           1           0  2.00s           2026-07-19T12:31:02
================================================================================
[2026-07-19T12:31:35.185+0000] {manager.py:878} INFO - 
================================================================================
DAG File Processing Stats

File Path                                  PID    Runtime      # DAGs    # Errors  Last Runtime    Last Run
-----------------------------------------  -----  ---------  --------  ----------  --------------  -------------------
/opt/airflow/dags/bronze_ingestion_dag.py                           1           0  0.33s           2026-07-19T12:31:33
================================================================================
[2026-07-19T12:32:05.548+0000] {manager.py:737} INFO - Searching for files in /opt/airflow/dags
[2026-07-19T12:32:05.641+0000] {manager.py:740} INFO - There are 1 files in /opt/airflow/dags
[2026-07-19T12:32:06.005+0000] {manager.py:878} INFO - 
================================================================================
DAG File Processing Stats

File Path                                  PID    Runtime      # DAGs    # Errors  Last Runtime    Last Run
-----------------------------------------  -----  ---------  --------  ----------  --------------  -------------------
/opt/airflow/dags/bronze_ingestion_dag.py                           1           0  0.46s           2026-07-19T12:32:03
================================================================================
[2026-07-19T12:32:37.121+0000] {manager.py:878} INFO - 
================================================================================
DAG File Processing Stats

File Path                                  PID    Runtime      # DAGs    # Errors  Last Runtime    Last Run
-----------------------------------------  -----  ---------  --------  ----------  --------------  -------------------
/opt/airflow/dags/bronze_ingestion_dag.py                           1           0  0.82s           2026-07-19T12:32:34
================================================================================
[2026-07-19T12:33:08.444+0000] {manager.py:878} INFO - 
================================================================================
DAG File Processing Stats

File Path                                  PID    Runtime      # DAGs    # Errors  Last Runtime    Last Run
-----------------------------------------  -----  ---------  --------  ----------  --------------  -------------------
/opt/airflow/dags/bronze_ingestion_dag.py                           1           0  0.63s           2026-07-19T12:33:05
================================================================================
[2026-07-19T12:33:39.202+0000] {manager.py:878} INFO - 
================================================================================
DAG File Processing Stats

File Path                                  PID    Runtime      # DAGs    # Errors  Last Runtime    Last Run
-----------------------------------------  -----  ---------  --------  ----------  --------------  -------------------
/opt/airflow/dags/bronze_ingestion_dag.py                           1           0  0.53s           2026-07-19T12:33:36
================================================================================
[2026-07-19T12:34:10.193+0000] {manager.py:878} INFO - 
================================================================================
DAG File Processing Stats

File Path                                  PID    Runtime      # DAGs    # Errors  Last Runtime    Last Run
-----------------------------------------  -----  ---------  --------  ----------  --------------  -------------------
/opt/airflow/dags/bronze_ingestion_dag.py                           1           0  0.38s           2026-07-19T12:34:07
================================================================================
[2026-07-19T12:34:41.736+0000] {manager.py:878} INFO - 
================================================================================
DAG File Processing Stats

File Path                                  PID    Runtime      # DAGs    # Errors  Last Runtime    Last Run
-----------------------------------------  -----  ---------  --------  ----------  --------------  -------------------
/opt/airflow/dags/bronze_ingestion_dag.py                           1           0  0.93s           2026-07-19T12:34:38
================================================================================
[2026-07-19T12:35:13.117+0000] {manager.py:878} INFO - 
================================================================================
DAG File Processing Stats

File Path                                  PID    Runtime      # DAGs    # Errors  Last Runtime    Last Run
-----------------------------------------  -----  ---------  --------  ----------  --------------  -------------------
/opt/airflow/dags/bronze_ingestion_dag.py                           1           0  0.69s           2026-07-19T12:35:09
================================================================================
[2026-07-19T12:35:44.005+0000] {manager.py:878} INFO - 
================================================================================
DAG File Processing Stats

File Path                                  PID    Runtime      # DAGs    # Errors  Last Runtime    Last Run
-----------------------------------------  -----  ---------  --------  ----------  --------------  -------------------
/opt/airflow/dags/bronze_ingestion_dag.py                           1           0  0.47s           2026-07-19T12:35:39
================================================================================
[2026-07-19T12:36:14.991+0000] {manager.py:878} INFO - 
================================================================================
DAG File Processing Stats

File Path                                  PID    Runtime      # DAGs    # Errors  Last Runtime    Last Run
-----------------------------------------  -----  ---------  --------  ----------  --------------  -------------------
/opt/airflow/dags/bronze_ingestion_dag.py                           1           0  0.32s           2026-07-19T12:36:10
================================================================================
[2026-07-19T12:36:46.493+0000] {manager.py:878} INFO - 
================================================================================
DAG File Processing Stats

File Path                                  PID    Runtime      # DAGs    # Errors  Last Runtime    Last Run
-----------------------------------------  -----  ---------  --------  ----------  --------------  -------------------
/opt/airflow/dags/bronze_ingestion_dag.py                           1           0  0.63s           2026-07-19T12:36:41
================================================================================
[2026-07-19T12:37:05.915+0000] {manager.py:737} INFO - Searching for files in /opt/airflow/dags
[2026-07-19T12:37:05.962+0000] {manager.py:740} INFO - There are 1 files in /opt/airflow/dags
[2026-07-19T12:37:18.010+0000] {manager.py:878} INFO - 
================================================================================
DAG File Processing Stats

File Path                                  PID    Runtime      # DAGs    # Errors  Last Runtime    Last Run
-----------------------------------------  -----  ---------  --------  ----------  --------------  -------------------
/opt/airflow/dags/bronze_ingestion_dag.py                           1           0  0.84s           2026-07-19T12:37:12
================================================================================
[2026-07-19T12:37:48.827+0000] {manager.py:878} INFO - 
================================================================================
DAG File Processing Stats

File Path                                  PID    Runtime      # DAGs    # Errors  Last Runtime    Last Run
-----------------------------------------  -----  ---------  --------  ----------  --------------  -------------------
/opt/airflow/dags/bronze_ingestion_dag.py                           1           0  0.69s           2026-07-19T12:37:43
================================================================================
[2026-07-19T12:38:19.834+0000] {manager.py:878} INFO - 
================================================================================
DAG File Processing Stats

File Path                                  PID    Runtime      # DAGs    # Errors  Last Runtime    Last Run
-----------------------------------------  -----  ---------  --------  ----------  --------------  -------------------
/opt/airflow/dags/bronze_ingestion_dag.py                           1           0  0.69s           2026-07-19T12:38:14
================================================================================
[2026-07-19T12:38:50.217+0000] {manager.py:878} INFO - 
================================================================================
DAG File Processing Stats

File Path                                  PID    Runtime      # DAGs    # Errors  Last Runtime    Last Run
-----------------------------------------  -----  ---------  --------  ----------  --------------  -------------------
/opt/airflow/dags/bronze_ingestion_dag.py                           1           0  0.82s           2026-07-19T12:38:45
================================================================================
[2026-07-19T12:39:21.776+0000] {manager.py:878} INFO - 
================================================================================
DAG File Processing Stats

File Path                                  PID    Runtime      # DAGs    # Errors  Last Runtime    Last Run
-----------------------------------------  -----  ---------  --------  ----------  --------------  -------------------
/opt/airflow/dags/bronze_ingestion_dag.py                           1           0  0.29s           2026-07-19T12:39:15
================================================================================
[2026-07-19T12:39:52.417+0000] {manager.py:878} INFO - 
================================================================================
DAG File Processing Stats

File Path                                  PID    Runtime      # DAGs    # Errors  Last Runtime    Last Run
-----------------------------------------  -----  ---------  --------  ----------  --------------  -------------------
/opt/airflow/dags/bronze_ingestion_dag.py                           1           0  0.32s           2026-07-19T12:39:46
================================================================================
[2026-07-19T12:40:24.177+0000] {manager.py:878} INFO - 
================================================================================
DAG File Processing Stats

File Path                                  PID    Runtime      # DAGs    # Errors  Last Runtime    Last Run
-----------------------------------------  -----  ---------  --------  ----------  --------------  -------------------
/opt/airflow/dags/bronze_ingestion_dag.py                           1           0  0.59s           2026-07-19T12:40:17
================================================================================
[2026-07-19T12:40:55.818+0000] {manager.py:878} INFO - 
================================================================================
DAG File Processing Stats

File Path                                  PID    Runtime      # DAGs    # Errors  Last Runtime    Last Run
-----------------------------------------  -----  ---------  --------  ----------  --------------  -------------------
/opt/airflow/dags/bronze_ingestion_dag.py                           1           0  0.27s           2026-07-19T12:40:47
================================================================================
[2026-07-19T12:41:27.242+0000] {manager.py:878} INFO - 
================================================================================
DAG File Processing Stats

File Path                                  PID    Runtime      # DAGs    # Errors  Last Runtime    Last Run
-----------------------------------------  -----  ---------  --------  ----------  --------------  -------------------
/opt/airflow/dags/bronze_ingestion_dag.py                           1           0  0.46s           2026-07-19T12:41:18
================================================================================
[2026-07-19T12:41:57.924+0000] {manager.py:878} INFO - 
================================================================================
DAG File Processing Stats

File Path                                  PID    Runtime      # DAGs    # Errors  Last Runtime    Last Run
-----------------------------------------  -----  ---------  --------  ----------  --------------  -------------------
/opt/airflow/dags/bronze_ingestion_dag.py                           1           0  0.66s           2026-07-19T12:41:49
================================================================================
[2026-07-19T12:42:14.450+0000] {manager.py:737} INFO - Searching for files in /opt/airflow/dags
[2026-07-19T12:42:14.512+0000] {manager.py:740} INFO - There are 1 files in /opt/airflow/dags
[2026-07-19T12:42:28.260+0000] {manager.py:878} INFO - 
================================================================================
DAG File Processing Stats

File Path                                  PID    Runtime      # DAGs    # Errors  Last Runtime    Last Run
-----------------------------------------  -----  ---------  --------  ----------  --------------  -------------------
/opt/airflow/dags/bronze_ingestion_dag.py                           1           0  0.39s           2026-07-19T12:42:20
================================================================================
[2026-07-19T12:42:18.672+0000] {manager.py:878} INFO - 
================================================================================
DAG File Processing Stats

File Path                                  PID    Runtime      # DAGs    # Errors  Last Runtime    Last Run
-----------------------------------------  -----  ---------  --------  ----------  --------------  -------------------
/opt/airflow/dags/bronze_ingestion_dag.py                           1           0  0.60s           2026-07-19T12:42:51
================================================================================
[2026-07-19T12:43:30.419+0000] {manager.py:878} INFO - 
================================================================================
DAG File Processing Stats

File Path                                  PID    Runtime      # DAGs    # Errors  Last Runtime    Last Run
-----------------------------------------  -----  ---------  --------  ----------  --------------  -------------------
/opt/airflow/dags/bronze_ingestion_dag.py                           1           0  0.69s           2026-07-19T12:43:22
================================================================================
[2026-07-19T12:44:01.621+0000] {manager.py:878} INFO - 
================================================================================
DAG File Processing Stats

File Path                                  PID    Runtime      # DAGs    # Errors  Last Runtime    Last Run
-----------------------------------------  -----  ---------  --------  ----------  --------------  -------------------
/opt/airflow/dags/bronze_ingestion_dag.py                           1           0  0.33s           2026-07-19T12:43:53
================================================================================
[2026-07-19T12:44:32.746+0000] {manager.py:878} INFO - 
================================================================================
DAG File Processing Stats

File Path                                  PID    Runtime      # DAGs    # Errors  Last Runtime    Last Run
-----------------------------------------  -----  ---------  --------  ----------  --------------  -------------------
/opt/airflow/dags/bronze_ingestion_dag.py                           1           0  0.33s           2026-07-19T12:44:24
================================================================================
[2026-07-19T12:45:04.018+0000] {manager.py:878} INFO - 
================================================================================
DAG File Processing Stats

File Path                                  PID    Runtime      # DAGs    # Errors  Last Runtime    Last Run
-----------------------------------------  -----  ---------  --------  ----------  --------------  -------------------
/opt/airflow/dags/bronze_ingestion_dag.py                           1           0  0.66s           2026-07-19T12:44:55
================================================================================
[2026-07-19T12:45:35.021+0000] {manager.py:878} INFO - 
================================================================================
DAG File Processing Stats

File Path                                  PID    Runtime      # DAGs    # Errors  Last Runtime    Last Run
-----------------------------------------  -----  ---------  --------  ----------  --------------  -------------------
/opt/airflow/dags/bronze_ingestion_dag.py                           1           0  0.55s           2026-07-19T12:45:26
================================================================================
[2026-07-19T12:46:06.657+0000] {manager.py:878} INFO - 
================================================================================
DAG File Processing Stats

File Path                                  PID    Runtime      # DAGs    # Errors  Last Runtime    Last Run
-----------------------------------------  -----  ---------  --------  ----------  --------------  -------------------
/opt/airflow/dags/bronze_ingestion_dag.py                           1           0  0.80s           2026-07-19T12:45:57
================================================================================
[2026-07-19T12:54:42.210+0000] {manager.py:470} INFO - Processing files using up to 2 processes at a time 
[2026-07-19T12:54:42.224+0000] {manager.py:471} INFO - Process each file at most once every 30 seconds
[2026-07-19T12:54:42.229+0000] {manager.py:472} INFO - Checking for new files in /opt/airflow/dags every 300 seconds
[2026-07-19T12:54:42.235+0000] {manager.py:737} INFO - Searching for files in /opt/airflow/dags
[2026-07-19T12:54:42.344+0000] {manager.py:740} INFO - There are 1 files in /opt/airflow/dags
[2026-07-19T12:54:49.301+0000] {manager.py:878} INFO - 
================================================================================
DAG File Processing Stats

File Path                                    PID  Runtime      # DAGs    # Errors  Last Runtime    Last Run
-----------------------------------------  -----  ---------  --------  ----------  --------------  ----------
/opt/airflow/dags/bronze_ingestion_dag.py    160  0.13s             0           0
================================================================================
[2026-07-19T12:55:20.616+0000] {manager.py:878} INFO - 
================================================================================
DAG File Processing Stats

File Path                                    PID  Runtime      # DAGs    # Errors  Last Runtime    Last Run
-----------------------------------------  -----  ---------  --------  ----------  --------------  -------------------
/opt/airflow/dags/bronze_ingestion_dag.py    165  0.41s             1           0  0.83s           2026-07-19T12:54:49
================================================================================
[2026-07-19T12:55:51.638+0000] {manager.py:878} INFO - 
================================================================================
DAG File Processing Stats

File Path                                  PID    Runtime      # DAGs    # Errors  Last Runtime    Last Run
-----------------------------------------  -----  ---------  --------  ----------  --------------  -------------------
/opt/airflow/dags/bronze_ingestion_dag.py                           1           0  3.95s           2026-07-19T12:55:24
================================================================================
[2026-07-19T12:56:22.410+0000] {manager.py:878} INFO - 
================================================================================
DAG File Processing Stats

File Path                                  PID    Runtime      # DAGs    # Errors  Last Runtime    Last Run
-----------------------------------------  -----  ---------  --------  ----------  --------------  -------------------
/opt/airflow/dags/bronze_ingestion_dag.py                           1           0  0.44s           2026-07-19T12:55:55
================================================================================
[2026-07-19T12:56:53.615+0000] {manager.py:878} INFO - 
================================================================================
DAG File Processing Stats

File Path                                  PID    Runtime      # DAGs    # Errors  Last Runtime    Last Run
-----------------------------------------  -----  ---------  --------  ----------  --------------  -------------------
/opt/airflow/dags/bronze_ingestion_dag.py                           1           0  1.80s           2026-07-19T12:56:27
================================================================================
[2026-07-19T12:57:24.790+0000] {manager.py:878} INFO - 
================================================================================
DAG File Processing Stats

File Path                                  PID    Runtime      # DAGs    # Errors  Last Runtime    Last Run
-----------------------------------------  -----  ---------  --------  ----------  --------------  -------------------
/opt/airflow/dags/bronze_ingestion_dag.py                           1           0  2.25s           2026-07-19T12:56:59
================================================================================
[2026-07-19T12:57:55.529+0000] {manager.py:878} INFO - 
================================================================================
DAG File Processing Stats

File Path                                  PID    Runtime      # DAGs    # Errors  Last Runtime    Last Run
-----------------------------------------  -----  ---------  --------  ----------  --------------  -------------------
/opt/airflow/dags/bronze_ingestion_dag.py                           1           0  1.80s           2026-07-19T12:57:31
================================================================================
[2026-07-19T12:58:26.142+0000] {manager.py:878} INFO - 
================================================================================
DAG File Processing Stats

File Path                                  PID    Runtime      # DAGs    # Errors  Last Runtime    Last Run
-----------------------------------------  -----  ---------  --------  ----------  --------------  -------------------
/opt/airflow/dags/bronze_ingestion_dag.py                           1           0  1.97s           2026-07-19T12:58:04
================================================================================
[2026-07-19T12:58:57.345+0000] {manager.py:878} INFO - 
================================================================================
DAG File Processing Stats

File Path                                  PID    Runtime      # DAGs    # Errors  Last Runtime    Last Run
-----------------------------------------  -----  ---------  --------  ----------  --------------  -------------------
/opt/airflow/dags/bronze_ingestion_dag.py                           1           0  0.82s           2026-07-19T12:58:35
================================================================================
[2026-07-19T12:59:28.812+0000] {manager.py:878} INFO - 
================================================================================
DAG File Processing Stats

File Path                                  PID    Runtime      # DAGs    # Errors  Last Runtime    Last Run
-----------------------------------------  -----  ---------  --------  ----------  --------------  -------------------
/opt/airflow/dags/bronze_ingestion_dag.py                           1           0  0.30s           2026-07-19T12:59:06
================================================================================
[2026-07-19T12:59:42.496+0000] {manager.py:737} INFO - Searching for files in /opt/airflow/dags
[2026-07-19T12:59:43.258+0000] {manager.py:740} INFO - There are 1 files in /opt/airflow/dags
[2026-07-19T13:00:00.194+0000] {manager.py:878} INFO - 
================================================================================
DAG File Processing Stats

File Path                                  PID    Runtime      # DAGs    # Errors  Last Runtime    Last Run
-----------------------------------------  -----  ---------  --------  ----------  --------------  -------------------
/opt/airflow/dags/bronze_ingestion_dag.py                           1           0  0.53s           2026-07-19T12:59:37
================================================================================
[2026-07-19T13:00:31.462+0000] {manager.py:878} INFO - 
================================================================================
DAG File Processing Stats

File Path                                  PID    Runtime      # DAGs    # Errors  Last Runtime    Last Run
-----------------------------------------  -----  ---------  --------  ----------  --------------  -------------------
/opt/airflow/dags/bronze_ingestion_dag.py                           1           0  6.42s           2026-07-19T13:00:15
================================================================================
[2026-07-19T13:01:03.212+0000] {manager.py:878} INFO - 
================================================================================
DAG File Processing Stats

File Path                                  PID    Runtime      # DAGs    # Errors  Last Runtime    Last Run
-----------------------------------------  -----  ---------  --------  ----------  --------------  -------------------
/opt/airflow/dags/bronze_ingestion_dag.py                           1           0  0.34s           2026-07-19T13:00:46
================================================================================
[2026-07-19T13:01:34.087+0000] {manager.py:878} INFO - 
================================================================================
DAG File Processing Stats

File Path                                  PID    Runtime      # DAGs    # Errors  Last Runtime    Last Run
-----------------------------------------  -----  ---------  --------  ----------  --------------  -------------------
/opt/airflow/dags/bronze_ingestion_dag.py                           1           0  0.29s           2026-07-19T13:01:16
================================================================================
[2026-07-19T13:01:24.116+0000] {manager.py:878} INFO - 
================================================================================
DAG File Processing Stats

File Path                                  PID    Runtime      # DAGs    # Errors  Last Runtime    Last Run
-----------------------------------------  -----  ---------  --------  ----------  --------------  -------------------
/opt/airflow/dags/bronze_ingestion_dag.py                           1           0  0.31s           2026-07-19T13:01:47
================================================================================
[2026-07-19T13:02:35.161+0000] {manager.py:878} INFO - 
================================================================================
DAG File Processing Stats

File Path                                  PID    Runtime      # DAGs    # Errors  Last Runtime    Last Run
-----------------------------------------  -----  ---------  --------  ----------  --------------  -------------------
/opt/airflow/dags/bronze_ingestion_dag.py                           1           0  2.27s           2026-07-19T13:02:20
================================================================================
[2026-07-19T13:03:06.217+0000] {manager.py:878} INFO - 
================================================================================
DAG File Processing Stats

File Path                                  PID    Runtime      # DAGs    # Errors  Last Runtime    Last Run
-----------------------------------------  -----  ---------  --------  ----------  --------------  -------------------
/opt/airflow/dags/bronze_ingestion_dag.py                           1           0  1.92s           2026-07-19T13:02:52
================================================================================
[2026-07-19T13:03:37.205+0000] {manager.py:878} INFO - 
================================================================================
DAG File Processing Stats

File Path                                  PID    Runtime      # DAGs    # Errors  Last Runtime    Last Run
-----------------------------------------  -----  ---------  --------  ----------  --------------  -------------------
/opt/airflow/dags/bronze_ingestion_dag.py                           1           0  0.58s           2026-07-19T13:03:23
================================================================================
[2026-07-19T13:04:08.343+0000] {manager.py:878} INFO - 
================================================================================
DAG File Processing Stats

File Path                                  PID    Runtime      # DAGs    # Errors  Last Runtime    Last Run
-----------------------------------------  -----  ---------  --------  ----------  --------------  -------------------
/opt/airflow/dags/bronze_ingestion_dag.py                           1           0  0.49s           2026-07-19T13:03:54
================================================================================
[2026-07-19T13:03:58.972+0000] {manager.py:878} INFO - 
================================================================================
DAG File Processing Stats

File Path                                  PID    Runtime      # DAGs    # Errors  Last Runtime    Last Run
-----------------------------------------  -----  ---------  --------  ----------  --------------  -------------------
/opt/airflow/dags/bronze_ingestion_dag.py                           1           0  0.34s           2026-07-19T13:04:24
================================================================================
[2026-07-19T13:04:46.495+0000] {manager.py:737} INFO - Searching for files in /opt/airflow/dags
[2026-07-19T13:04:46.731+0000] {manager.py:740} INFO - There are 1 files in /opt/airflow/dags
[2026-07-19T13:05:10.105+0000] {manager.py:878} INFO - 
================================================================================
DAG File Processing Stats

File Path                                  PID    Runtime      # DAGs    # Errors  Last Runtime    Last Run
-----------------------------------------  -----  ---------  --------  ----------  --------------  -------------------
/opt/airflow/dags/bronze_ingestion_dag.py                           1           0  0.78s           2026-07-19T13:04:55
================================================================================
[2026-07-19T13:05:41.069+0000] {manager.py:878} INFO - 
================================================================================
DAG File Processing Stats

File Path                                  PID    Runtime      # DAGs    # Errors  Last Runtime    Last Run
-----------------------------------------  -----  ---------  --------  ----------  --------------  -------------------
/opt/airflow/dags/bronze_ingestion_dag.py                           1           0  0.53s           2026-07-19T13:05:26
================================================================================
[2026-07-19T13:05:30.931+0000] {manager.py:878} INFO - 
================================================================================
DAG File Processing Stats

File Path                                  PID    Runtime      # DAGs    # Errors  Last Runtime    Last Run
-----------------------------------------  -----  ---------  --------  ----------  --------------  -------------------
/opt/airflow/dags/bronze_ingestion_dag.py                           1           0  0.28s           2026-07-19T13:05:57
================================================================================
[2026-07-19T13:06:42.508+0000] {manager.py:878} INFO - 
================================================================================
DAG File Processing Stats

File Path                                  PID    Runtime      # DAGs    # Errors  Last Runtime    Last Run
-----------------------------------------  -----  ---------  --------  ----------  --------------  -------------------
/opt/airflow/dags/bronze_ingestion_dag.py                           1           0  0.35s           2026-07-19T13:06:33
================================================================================
[2026-07-19T13:07:14.018+0000] {manager.py:878} INFO - 
================================================================================
DAG File Processing Stats

File Path                                  PID    Runtime      # DAGs    # Errors  Last Runtime    Last Run
-----------------------------------------  -----  ---------  --------  ----------  --------------  -------------------
/opt/airflow/dags/bronze_ingestion_dag.py                           1           0  0.73s           2026-07-19T13:07:04
================================================================================
[2026-07-19T13:07:45.108+0000] {manager.py:878} INFO - 
================================================================================
DAG File Processing Stats

File Path                                  PID    Runtime      # DAGs    # Errors  Last Runtime    Last Run
-----------------------------------------  -----  ---------  --------  ----------  --------------  -------------------
/opt/airflow/dags/bronze_ingestion_dag.py                           1           0  3.25s           2026-07-19T13:07:39
================================================================================
[2026-07-19T13:08:16.128+0000] {manager.py:878} INFO - 
================================================================================
DAG File Processing Stats

File Path                                  PID    Runtime      # DAGs    # Errors  Last Runtime    Last Run
-----------------------------------------  -----  ---------  --------  ----------  --------------  -------------------
/opt/airflow/dags/bronze_ingestion_dag.py                           1           0  0.60s           2026-07-19T13:08:09
================================================================================
