[2026-07-19T11:58:37.155+0000] {local_task_job_runner.py:120} INFO - ::group::Pre task execution logs
[2026-07-19T11:58:37.205+0000] {taskinstance.py:2076} INFO - Dependencies all met for dep_context=non-requeueable deps ti=<TaskInstance: ingest_bronze_layer.bike_ingest manual__2026-07-19T11:58:30.885738+00:00 [queued]>
[2026-07-19T11:58:37.234+0000] {taskinstance.py:2076} INFO - Dependencies all met for dep_context=requeueable deps ti=<TaskInstance: ingest_bronze_layer.bike_ingest manual__2026-07-19T11:58:30.885738+00:00 [queued]>
[2026-07-19T11:58:37.237+0000] {taskinstance.py:2306} INFO - Starting attempt 1 of 1
[2026-07-19T11:58:37.284+0000] {taskinstance.py:2330} INFO - Executing <Task(PythonOperator): bike_ingest> on 2026-07-19 11:58:30.885738+00:00
[2026-07-19T11:58:37.410+0000] {logging_mixin.py:188} WARNING - /home/***/.local/lib/python3.12/site-packages/***/task/task_runner/standard_task_runner.py:61 DeprecationWarning: This process (pid=179) is multi-threaded, use of fork() may lead to deadlocks in the child.
[2026-07-19T11:58:37.374+0000] {standard_task_runner.py:90} INFO - Running: ['***', 'tasks', 'run', 'ingest_bronze_layer', 'bike_ingest', 'manual__2026-07-19T11:58:30.885738+00:00', '--job-id', '8', '--raw', '--subdir', 'DAGS_FOLDER/bronze_ingestion_dag.py', '--cfg-path', '/tmp/tmpfowux2kf']
[2026-07-19T11:58:37.437+0000] {standard_task_runner.py:91} INFO - Job 8: Subtask bike_ingest
[2026-07-19T11:58:37.424+0000] {standard_task_runner.py:63} INFO - Started process 181 to run task
[2026-07-19T11:58:37.882+0000] {task_command.py:426} INFO - Running <TaskInstance: ingest_bronze_layer.bike_ingest manual__2026-07-19T11:58:30.885738+00:00 [running]> on host 5a60be28ffb3
[2026-07-19T11:58:39.192+0000] {taskinstance.py:2648} INFO - Exporting env vars: AIRFLOW_CTX_DAG_OWNER='***' AIRFLOW_CTX_DAG_ID='ingest_bronze_layer' AIRFLOW_CTX_TASK_ID='bike_ingest' AIRFLOW_CTX_EXECUTION_DATE='2026-07-19T11:58:30.885738+00:00' AIRFLOW_CTX_TRY_NUMBER='1' AIRFLOW_CTX_DAG_RUN_ID='manual__2026-07-19T11:58:30.885738+00:00'
[2026-07-19T11:58:39.229+0000] {taskinstance.py:430} INFO - ::endgroup::
[2026-07-19T11:58:40.787+0000] {connection.py:274} WARNING - Connection schemes (type: google_cloud_platform) shall not contain '_' according to RFC3986.
[2026-07-19T11:58:40.837+0000] {base.py:84} INFO - Using connection ID 'google_cloud_default' for task execution.
[2026-07-19T11:59:58.312+0000] {gcs.py:574} INFO - Data stream uploaded to bronze/bike/20260719/data_20260719T115830.json in london_bike_data_bronze bucket
[2026-07-19T11:59:58.318+0000] {python.py:237} INFO - Done. Returned value was: None
[2026-07-19T11:59:58.323+0000] {taskinstance.py:441} INFO - ::group::Post task execution logs
[2026-07-19T11:59:58.347+0000] {taskinstance.py:1206} INFO - Marking task as SUCCESS. dag_id=ingest_bronze_layer, task_id=bike_ingest, run_id=manual__2026-07-19T11:58:30.885738+00:00, execution_date=20260719T115830, start_date=20260719T115837, end_date=20260719T115958
[2026-07-19T12:00:09.832+0000] {local_task_job_runner.py:240} INFO - Task exited with return code 0
[2026-07-19T12:00:09.863+0000] {taskinstance.py:3503} INFO - 0 downstream tasks scheduled from follow-on schedule check
[2026-07-19T12:00:09.868+0000] {local_task_job_runner.py:222} INFO - ::endgroup::
